<?xml version="1.0" encoding="UTF-8" standalone="yes"?>
<testsuites name="TS_getSalesList" time="15" tests="44" failures="0" errors="0">
    <testsuite name="TS_getSalesList" tests="44" failures="0" errors="0" time="15" timestamp="2019-11-20 09:22:02" hostname="Silvi - LAPTOP-ALMT97O4" id="Test Suites/Dashboard_App/TS_getSalesList/TS_getSalesList">
        <properties>
            <property name="deviceName" value=""/>
            <property name="devicePlatform" value=""/>
            <property name="logFolder" value="D:\\katalon-ewallet\\Reports\\Dashboard_App\\TS_getSalesList\\TS_getSalesList\\20191120_092200"/>
            <property name="logFiles" value="D:\\katalon-ewallet\\Reports\\Dashboard_App\\TS_getSalesList\\TS_getSalesList\\20191120_092200\\execution0.log"/>
            <property name="attachments" value=""/>
            <property name="hostName" value="Silvi - LAPTOP-ALMT97O4"/>
            <property name="hostAddress" value="192.168.4.154"/>
            <property name="os" value="Windows 10 64bit"/>
            <property name="katalonVersion" value="6.2.2.4"/>
        </properties>
        <testcase name="Test Cases/Account/Login_Organisation/Login_Organisation_SysAdmin" classname="Test Cases/Account/Login_Organisation/Login_Organisation_SysAdmin" status="PASSED">
            <system-out>2019-11-20 09:22:03 - [TEST_CASE][PASSED] - Test Cases/Account/Login_Organisation/Login_Organisation_SysAdmin: Test Cases/Account/Login_Organisation/Login_Organisation_SysAdmin&#xD;
&#xD;
2019-11-20 09:22:05 - [TEST_STEP][PASSED] - var_enciphered_password = SecureUtils.doEncryptPinRsaEwallet(dev_public_pem_file, var_user_password): null&#xD;
&#xD;
2019-11-20 09:22:06 - [TEST_STEP][PASSED] - plain = "{"email_address":"" + var_email_address + ""," + ""user_agent":"" + var_user_agent + ""," + ""password":"" + var_enciphered_password + ""}": null&#xD;
&#xD;
2019-11-20 09:22:06 - [TEST_STEP][PASSED] - partner_token = partner_token: null&#xD;
&#xD;
2019-11-20 09:22:06 - [TEST_STEP][PASSED] - out.println(plain): null&#xD;
&#xD;
2019-11-20 09:22:06 - [TEST_STEP][PASSED] - encipheredData = SecureUtils.encryptAesEwallet(plain, var_aes_key): null&#xD;
&#xD;
2019-11-20 09:22:06 - [TEST_STEP][PASSED] - body = "{"organisation_id":"" + var_organisation_id + ""," + ""data":"" + encipheredData + ""," + ""lang":"" + var_lang + ""}": null&#xD;
&#xD;
2019-11-20 09:22:06 - [TEST_STEP][PASSED] - out.println(body): null&#xD;
&#xD;
2019-11-20 09:22:06 - [TEST_STEP][PASSED] - request = findTestObject("Account/Login_Organisation_URL"): null&#xD;
&#xD;
2019-11-20 09:22:06 - [TEST_STEP][PASSED] - request.setBodyContent(new com.kms.katalon.core.testobject.impl.HttpTextBodyContent(body, UTF-8, application/json)): null&#xD;
&#xD;
2019-11-20 09:22:06 - [TEST_STEP][PASSED] - response = sendRequest(request): Send request successfully&#xD;
&#xD;
2019-11-20 09:22:07 - [MESSAGE][INFO] - HAR: D:\katalon-ewallet\Reports\Dashboard_App\TS_getSalesList\TS_getSalesList\20191120_092200\requests\main\0.har&#xD;
&#xD;
2019-11-20 09:22:07 - [MESSAGE][PASSED] - Send request successfully&#xD;
&#xD;
2019-11-20 09:22:07 - [TEST_STEP][PASSED] - body_content = responseBodyContent: null&#xD;
&#xD;
2019-11-20 09:22:07 - [TEST_STEP][PASSED] - status_code = statusCode: null&#xD;
&#xD;
2019-11-20 09:22:07 - [TEST_STEP][PASSED] - out.println(body_content): null&#xD;
&#xD;
2019-11-20 09:22:07 - [TEST_STEP][PASSED] - println(partner_token): null&#xD;
&#xD;
2019-11-20 09:22:07 - [TEST_STEP][PASSED] - respDataMap = JsonSlurper().parseText(body_content): null&#xD;
&#xD;
2019-11-20 09:22:07 - [TEST_STEP][PASSED] - out.println(respDataMap): null&#xD;
&#xD;
2019-11-20 09:22:07 - [TEST_STEP][PASSED] - rc_ref = ReturnCodeWrapper(var_expected_rc).getEnumRC(): null&#xD;
&#xD;
2019-11-20 09:22:07 - [TEST_STEP][PASSED] - out.println(var_expected_rc): null&#xD;
&#xD;
2019-11-20 09:22:07 - [TEST_STEP][PASSED] - out.println(rc_ref.getRCName()): null&#xD;
&#xD;
2019-11-20 09:22:07 - [TEST_STEP][PASSED] - out.println(rc_ref.getHttpResponse()): null&#xD;
&#xD;
2019-11-20 09:22:07 - [TEST_STEP][PASSED] - rcIsTrue = verifyEqual(response_code, rc_ref.getRCName()): Actual object 'RC00' and expected object 'RC00' are equal&#xD;
&#xD;
2019-11-20 09:22:07 - [MESSAGE][PASSED] - Actual object 'RC00' and expected object 'RC00' are equal&#xD;
&#xD;
2019-11-20 09:22:07 - [TEST_STEP][PASSED] - httpRespIsTrue = verifyEqual(statusCode, rc_ref.getHttpResponse()): Actual object '200' and expected object '200' are equal&#xD;
&#xD;
2019-11-20 09:22:07 - [MESSAGE][PASSED] - Actual object '200' and expected object '200' are equal&#xD;
&#xD;
2019-11-20 09:22:07 - [TEST_STEP][PASSED] - if (rc_ref == RC00): null&#xD;
&#xD;
2019-11-20 09:22:07 - [TEST_STEP][PASSED] - decipheredResponseData = SecureUtils.decryptAesEwallet(data, var_aes_key): null&#xD;
&#xD;
2019-11-20 09:22:07 - [TEST_STEP][PASSED] - decipheredRespDataMap = JsonSlurper().parseText(decipheredResponseData): null&#xD;
&#xD;
2019-11-20 09:22:07 - [TEST_STEP][PASSED] - out.println(decipheredRespDataMap): null&#xD;
&#xD;
2019-11-20 09:22:07 - [TEST_STEP][PASSED] - dechiperedResponse = new java.lang.String(decipheredResponseData): null&#xD;
&#xD;
2019-11-20 09:22:07 - [TEST_STEP][PASSED] - println(dechiperedResponse): null&#xD;
&#xD;
2019-11-20 09:22:07 - [TEST_STEP][PASSED] - access_token_merchant = access_token: null</system-out>
            <system-err></system-err>
        </testcase>
        <testcase name="Test Cases/Dashboard_App/TC_getSalesList/TSC_getSalesList" classname="Test Cases/Dashboard_App/TC_getSalesList/TSC_getSalesList" status="PASSED">
            <system-out>2019-11-20 09:22:07 - [TEST_CASE][PASSED] - Test Cases/Dashboard_App/TC_getSalesList/TSC_getSalesList: Test Cases/Dashboard_App/TC_getSalesList/TSC_getSalesList&#xD;
&#xD;
2019-11-20 09:22:07 - [TEST_STEP][PASSED] - plain = "{"user_agent": "" + var_user_agent + "","data_rules": {"search": {"sales_id": "" + var_sales_id + "","employee_name": "" + var_employee_name + ""}}}": null&#xD;
&#xD;
2019-11-20 09:22:07 - [TEST_STEP][PASSED] - page_number = var_page_number: null&#xD;
&#xD;
2019-11-20 09:22:07 - [TEST_STEP][PASSED] - page_size = var_page_size: null&#xD;
&#xD;
2019-11-20 09:22:07 - [TEST_STEP][PASSED] - partner_token = partner_token: null&#xD;
&#xD;
2019-11-20 09:22:07 - [TEST_STEP][PASSED] - out.println(plain): null&#xD;
&#xD;
2019-11-20 09:22:07 - [TEST_STEP][PASSED] - out.println("var_merchant_token" + var_merchant_token): null&#xD;
&#xD;
2019-11-20 09:22:07 - [TEST_STEP][PASSED] - out.println("var_partner_token" + var_partner_token): null&#xD;
&#xD;
2019-11-20 09:22:07 - [TEST_STEP][PASSED] - encipheredData = SecureUtils.encryptAesEwallet(plain, var_aes_key): null&#xD;
&#xD;
2019-11-20 09:22:07 - [TEST_STEP][PASSED] - body = "{"organisation_id":"" + var_organisation_id + ""," + ""data":"" + encipheredData + ""," + ""lang":"" + var_lang + ""}": null&#xD;
&#xD;
2019-11-20 09:22:07 - [TEST_STEP][PASSED] - out.println(body): null&#xD;
&#xD;
2019-11-20 09:22:07 - [TEST_STEP][PASSED] - request = findTestObject("Dashboard_App/obj_getSalesList"): null&#xD;
&#xD;
2019-11-20 09:22:07 - [TEST_STEP][PASSED] - println(hostname): null&#xD;
&#xD;
2019-11-20 09:22:07 - [TEST_STEP][PASSED] - println(access_token_merchant): null&#xD;
&#xD;
2019-11-20 09:22:07 - [TEST_STEP][PASSED] - println(request.getRestUrl()): null&#xD;
&#xD;
2019-11-20 09:22:07 - [TEST_STEP][PASSED] - request.setBodyContent(new com.kms.katalon.core.testobject.impl.HttpTextBodyContent(body, UTF-8, application/json)): null&#xD;
&#xD;
2019-11-20 09:22:07 - [TEST_STEP][PASSED] - if (var_merchant_token == 0): null&#xD;
&#xD;
2019-11-20 09:22:07 - [TEST_STEP][PASSED] - else: null&#xD;
&#xD;
2019-11-20 09:22:07 - [TEST_STEP][PASSED] - out.println("using access_token = " + access_token_merchant): null&#xD;
&#xD;
2019-11-20 09:22:07 - [TEST_STEP][PASSED] - listQuery = new java.util.ArrayList(): null&#xD;
&#xD;
2019-11-20 09:22:07 - [TEST_STEP][PASSED] - listQuery.add(new com.kms.katalon.core.testobject.TestObjectProperty(token, com.kms.katalon.core.testobject.ConditionType.EQUALS, internal.GlobalVariable.access_token_merchant)): null&#xD;
&#xD;
2019-11-20 09:22:07 - [TEST_STEP][PASSED] - request.setRestParameters(listQuery): null&#xD;
&#xD;
2019-11-20 09:22:07 - [TEST_STEP][PASSED] - response = sendRequest(request): Send request successfully&#xD;
&#xD;
2019-11-20 09:22:07 - [MESSAGE][INFO] - HAR: D:\katalon-ewallet\Reports\Dashboard_App\TS_getSalesList\TS_getSalesList\20191120_092200\requests\main\1.har&#xD;
&#xD;
2019-11-20 09:22:07 - [MESSAGE][PASSED] - Send request successfully&#xD;
&#xD;
2019-11-20 09:22:07 - [TEST_STEP][PASSED] - body_content = responseBodyContent: null&#xD;
&#xD;
2019-11-20 09:22:07 - [TEST_STEP][PASSED] - status_code = statusCode: null&#xD;
&#xD;
2019-11-20 09:22:07 - [TEST_STEP][PASSED] - respDataMap = JsonSlurper().parseText(body_content): null&#xD;
&#xD;
2019-11-20 09:22:07 - [TEST_STEP][PASSED] - out.println(respDataMap): null&#xD;
&#xD;
2019-11-20 09:22:07 - [TEST_STEP][PASSED] - println(body_content): null&#xD;
&#xD;
2019-11-20 09:22:07 - [TEST_STEP][PASSED] - rc_ref = ReturnCodeWrapper(var_expected_rc).getEnumRC(): null&#xD;
&#xD;
2019-11-20 09:22:07 - [TEST_STEP][PASSED] - out.println(var_expected_rc): null&#xD;
&#xD;
2019-11-20 09:22:07 - [TEST_STEP][PASSED] - out.println(rc_ref.getRCName()): null&#xD;
&#xD;
2019-11-20 09:22:07 - [TEST_STEP][PASSED] - out.println(rc_ref.getHttpResponse()): null&#xD;
&#xD;
2019-11-20 09:22:07 - [TEST_STEP][PASSED] - result = verifyEqual(response_code, rc_ref.getRCName()): Actual object 'RC00' and expected object 'RC00' are equal&#xD;
&#xD;
2019-11-20 09:22:07 - [MESSAGE][PASSED] - Actual object 'RC00' and expected object 'RC00' are equal&#xD;
&#xD;
2019-11-20 09:22:07 - [TEST_STEP][PASSED] - if (result == false): null&#xD;
&#xD;
2019-11-20 09:22:07 - [TEST_STEP][PASSED] - else: null&#xD;
&#xD;
2019-11-20 09:22:07 - [TEST_STEP][PASSED] - verifyEqual(statusCode, rc_ref.getHttpResponse()): Actual object '200' and expected object '200' are equal&#xD;
&#xD;
2019-11-20 09:22:07 - [MESSAGE][PASSED] - Actual object '200' and expected object '200' are equal&#xD;
&#xD;
2019-11-20 09:22:07 - [TEST_STEP][PASSED] - if (rc_ref == RC00): null&#xD;
&#xD;
2019-11-20 09:22:07 - [TEST_STEP][PASSED] - decipheredResponseData = SecureUtils.decryptAesEwallet(data, var_aes_key): null&#xD;
&#xD;
2019-11-20 09:22:07 - [TEST_STEP][PASSED] - decipheredRespDataMap = JsonSlurper().parseText(decipheredResponseData): null&#xD;
&#xD;
2019-11-20 09:22:07 - [TEST_STEP][PASSED] - out.println(decipheredRespDataMap): null&#xD;
&#xD;
2019-11-20 09:22:07 - [TEST_STEP][PASSED] - dechiperedResponse = new java.lang.String(decipheredResponseData): null&#xD;
&#xD;
2019-11-20 09:22:07 - [TEST_STEP][PASSED] - println(dechiperedResponse): null</system-out>
            <system-err></system-err>
        </testcase>
        <testcase name="Test Cases/Dashboard_App/TC_getSalesList/TSC_getSalesList" classname="Test Cases/Dashboard_App/TC_getSalesList/TSC_getSalesList" status="PASSED">
            <system-out>2019-11-20 09:22:08 - [TEST_CASE][PASSED] - Test Cases/Dashboard_App/TC_getSalesList/TSC_getSalesList: Test Cases/Dashboard_App/TC_getSalesList/TSC_getSalesList&#xD;
&#xD;
2019-11-20 09:22:08 - [TEST_STEP][PASSED] - plain = "{"user_agent": "" + var_user_agent + "","data_rules": {"search": {"sales_id": "" + var_sales_id + "","employee_name": "" + var_employee_name + ""}}}": null&#xD;
&#xD;
2019-11-20 09:22:08 - [TEST_STEP][PASSED] - page_number = var_page_number: null&#xD;
&#xD;
2019-11-20 09:22:08 - [TEST_STEP][PASSED] - page_size = var_page_size: null&#xD;
&#xD;
2019-11-20 09:22:08 - [TEST_STEP][PASSED] - partner_token = partner_token: null&#xD;
&#xD;
2019-11-20 09:22:08 - [TEST_STEP][PASSED] - out.println(plain): null&#xD;
&#xD;
2019-11-20 09:22:08 - [TEST_STEP][PASSED] - out.println("var_merchant_token" + var_merchant_token): null&#xD;
&#xD;
2019-11-20 09:22:08 - [TEST_STEP][PASSED] - out.println("var_partner_token" + var_partner_token): null&#xD;
&#xD;
2019-11-20 09:22:08 - [TEST_STEP][PASSED] - encipheredData = SecureUtils.encryptAesEwallet(plain, var_aes_key): null&#xD;
&#xD;
2019-11-20 09:22:08 - [TEST_STEP][PASSED] - body = "{"organisation_id":"" + var_organisation_id + ""," + ""data":"" + encipheredData + ""," + ""lang":"" + var_lang + ""}": null&#xD;
&#xD;
2019-11-20 09:22:08 - [TEST_STEP][PASSED] - out.println(body): null&#xD;
&#xD;
2019-11-20 09:22:08 - [TEST_STEP][PASSED] - request = findTestObject("Dashboard_App/obj_getSalesList"): null&#xD;
&#xD;
2019-11-20 09:22:08 - [TEST_STEP][PASSED] - println(hostname): null&#xD;
&#xD;
2019-11-20 09:22:08 - [TEST_STEP][PASSED] - println(access_token_merchant): null&#xD;
&#xD;
2019-11-20 09:22:08 - [TEST_STEP][PASSED] - println(request.getRestUrl()): null&#xD;
&#xD;
2019-11-20 09:22:08 - [TEST_STEP][PASSED] - request.setBodyContent(new com.kms.katalon.core.testobject.impl.HttpTextBodyContent(body, UTF-8, application/json)): null&#xD;
&#xD;
2019-11-20 09:22:08 - [TEST_STEP][PASSED] - if (var_merchant_token == 0): null&#xD;
&#xD;
2019-11-20 09:22:08 - [TEST_STEP][PASSED] - else: null&#xD;
&#xD;
2019-11-20 09:22:08 - [TEST_STEP][PASSED] - out.println("using access_token = " + access_token_merchant): null&#xD;
&#xD;
2019-11-20 09:22:08 - [TEST_STEP][PASSED] - listQuery = new java.util.ArrayList(): null&#xD;
&#xD;
2019-11-20 09:22:08 - [TEST_STEP][PASSED] - listQuery.add(new com.kms.katalon.core.testobject.TestObjectProperty(token, com.kms.katalon.core.testobject.ConditionType.EQUALS, internal.GlobalVariable.access_token_merchant)): null&#xD;
&#xD;
2019-11-20 09:22:08 - [TEST_STEP][PASSED] - request.setRestParameters(listQuery): null&#xD;
&#xD;
2019-11-20 09:22:08 - [TEST_STEP][PASSED] - response = sendRequest(request): Send request successfully&#xD;
&#xD;
2019-11-20 09:22:08 - [MESSAGE][INFO] - HAR: D:\katalon-ewallet\Reports\Dashboard_App\TS_getSalesList\TS_getSalesList\20191120_092200\requests\main\2.har&#xD;
&#xD;
2019-11-20 09:22:08 - [MESSAGE][PASSED] - Send request successfully&#xD;
&#xD;
2019-11-20 09:22:08 - [TEST_STEP][PASSED] - body_content = responseBodyContent: null&#xD;
&#xD;
2019-11-20 09:22:08 - [TEST_STEP][PASSED] - status_code = statusCode: null&#xD;
&#xD;
2019-11-20 09:22:08 - [TEST_STEP][PASSED] - respDataMap = JsonSlurper().parseText(body_content): null&#xD;
&#xD;
2019-11-20 09:22:08 - [TEST_STEP][PASSED] - out.println(respDataMap): null&#xD;
&#xD;
2019-11-20 09:22:08 - [TEST_STEP][PASSED] - println(body_content): null&#xD;
&#xD;
2019-11-20 09:22:08 - [TEST_STEP][PASSED] - rc_ref = ReturnCodeWrapper(var_expected_rc).getEnumRC(): null&#xD;
&#xD;
2019-11-20 09:22:08 - [TEST_STEP][PASSED] - out.println(var_expected_rc): null&#xD;
&#xD;
2019-11-20 09:22:08 - [TEST_STEP][PASSED] - out.println(rc_ref.getRCName()): null&#xD;
&#xD;
2019-11-20 09:22:08 - [TEST_STEP][PASSED] - out.println(rc_ref.getHttpResponse()): null&#xD;
&#xD;
2019-11-20 09:22:08 - [TEST_STEP][PASSED] - result = verifyEqual(response_code, rc_ref.getRCName()): Actual object 'RC00' and expected object 'RC00' are equal&#xD;
&#xD;
2019-11-20 09:22:08 - [MESSAGE][PASSED] - Actual object 'RC00' and expected object 'RC00' are equal&#xD;
&#xD;
2019-11-20 09:22:08 - [TEST_STEP][PASSED] - if (result == false): null&#xD;
&#xD;
2019-11-20 09:22:08 - [TEST_STEP][PASSED] - else: null&#xD;
&#xD;
2019-11-20 09:22:08 - [TEST_STEP][PASSED] - verifyEqual(statusCode, rc_ref.getHttpResponse()): Actual object '200' and expected object '200' are equal&#xD;
&#xD;
2019-11-20 09:22:08 - [MESSAGE][PASSED] - Actual object '200' and expected object '200' are equal&#xD;
&#xD;
2019-11-20 09:22:08 - [TEST_STEP][PASSED] - if (rc_ref == RC00): null&#xD;
&#xD;
2019-11-20 09:22:08 - [TEST_STEP][PASSED] - decipheredResponseData = SecureUtils.decryptAesEwallet(data, var_aes_key): null&#xD;
&#xD;
2019-11-20 09:22:08 - [TEST_STEP][PASSED] - decipheredRespDataMap = JsonSlurper().parseText(decipheredResponseData): null&#xD;
&#xD;
2019-11-20 09:22:08 - [TEST_STEP][PASSED] - out.println(decipheredRespDataMap): null&#xD;
&#xD;
2019-11-20 09:22:08 - [TEST_STEP][PASSED] - dechiperedResponse = new java.lang.String(decipheredResponseData): null&#xD;
&#xD;
2019-11-20 09:22:08 - [TEST_STEP][PASSED] - println(dechiperedResponse): null</system-out>
            <system-err></system-err>
        </testcase>
        <testcase name="Test Cases/Dashboard_App/TC_getSalesList/TSC_getSalesList" classname="Test Cases/Dashboard_App/TC_getSalesList/TSC_getSalesList" status="PASSED">
            <system-out>2019-11-20 09:22:08 - [TEST_CASE][PASSED] - Test Cases/Dashboard_App/TC_getSalesList/TSC_getSalesList: Test Cases/Dashboard_App/TC_getSalesList/TSC_getSalesList&#xD;
&#xD;
2019-11-20 09:22:08 - [TEST_STEP][PASSED] - plain = "{"user_agent": "" + var_user_agent + "","data_rules": {"search": {"sales_id": "" + var_sales_id + "","employee_name": "" + var_employee_name + ""}}}": null&#xD;
&#xD;
2019-11-20 09:22:08 - [TEST_STEP][PASSED] - page_number = var_page_number: null&#xD;
&#xD;
2019-11-20 09:22:08 - [TEST_STEP][PASSED] - page_size = var_page_size: null&#xD;
&#xD;
2019-11-20 09:22:08 - [TEST_STEP][PASSED] - partner_token = partner_token: null&#xD;
&#xD;
2019-11-20 09:22:08 - [TEST_STEP][PASSED] - out.println(plain): null&#xD;
&#xD;
2019-11-20 09:22:08 - [TEST_STEP][PASSED] - out.println("var_merchant_token" + var_merchant_token): null&#xD;
&#xD;
2019-11-20 09:22:08 - [TEST_STEP][PASSED] - out.println("var_partner_token" + var_partner_token): null&#xD;
&#xD;
2019-11-20 09:22:08 - [TEST_STEP][PASSED] - encipheredData = SecureUtils.encryptAesEwallet(plain, var_aes_key): null&#xD;
&#xD;
2019-11-20 09:22:08 - [TEST_STEP][PASSED] - body = "{"organisation_id":"" + var_organisation_id + ""," + ""data":"" + encipheredData + ""," + ""lang":"" + var_lang + ""}": null&#xD;
&#xD;
2019-11-20 09:22:08 - [TEST_STEP][PASSED] - out.println(body): null&#xD;
&#xD;
2019-11-20 09:22:08 - [TEST_STEP][PASSED] - request = findTestObject("Dashboard_App/obj_getSalesList"): null&#xD;
&#xD;
2019-11-20 09:22:08 - [TEST_STEP][PASSED] - println(hostname): null&#xD;
&#xD;
2019-11-20 09:22:08 - [TEST_STEP][PASSED] - println(access_token_merchant): null&#xD;
&#xD;
2019-11-20 09:22:08 - [TEST_STEP][PASSED] - println(request.getRestUrl()): null&#xD;
&#xD;
2019-11-20 09:22:08 - [TEST_STEP][PASSED] - request.setBodyContent(new com.kms.katalon.core.testobject.impl.HttpTextBodyContent(body, UTF-8, application/json)): null&#xD;
&#xD;
2019-11-20 09:22:08 - [TEST_STEP][PASSED] - if (var_merchant_token == 0): null&#xD;
&#xD;
2019-11-20 09:22:08 - [TEST_STEP][PASSED] - else: null&#xD;
&#xD;
2019-11-20 09:22:08 - [TEST_STEP][PASSED] - out.println("using access_token = " + access_token_merchant): null&#xD;
&#xD;
2019-11-20 09:22:08 - [TEST_STEP][PASSED] - listQuery = new java.util.ArrayList(): null&#xD;
&#xD;
2019-11-20 09:22:08 - [TEST_STEP][PASSED] - listQuery.add(new com.kms.katalon.core.testobject.TestObjectProperty(token, com.kms.katalon.core.testobject.ConditionType.EQUALS, internal.GlobalVariable.access_token_merchant)): null&#xD;
&#xD;
2019-11-20 09:22:08 - [TEST_STEP][PASSED] - request.setRestParameters(listQuery): null&#xD;
&#xD;
2019-11-20 09:22:08 - [TEST_STEP][PASSED] - response = sendRequest(request): Send request successfully&#xD;
&#xD;
2019-11-20 09:22:08 - [MESSAGE][INFO] - HAR: D:\katalon-ewallet\Reports\Dashboard_App\TS_getSalesList\TS_getSalesList\20191120_092200\requests\main\3.har&#xD;
&#xD;
2019-11-20 09:22:08 - [MESSAGE][PASSED] - Send request successfully&#xD;
&#xD;
2019-11-20 09:22:08 - [TEST_STEP][PASSED] - body_content = responseBodyContent: null&#xD;
&#xD;
2019-11-20 09:22:08 - [TEST_STEP][PASSED] - status_code = statusCode: null&#xD;
&#xD;
2019-11-20 09:22:08 - [TEST_STEP][PASSED] - respDataMap = JsonSlurper().parseText(body_content): null&#xD;
&#xD;
2019-11-20 09:22:08 - [TEST_STEP][PASSED] - out.println(respDataMap): null&#xD;
&#xD;
2019-11-20 09:22:08 - [TEST_STEP][PASSED] - println(body_content): null&#xD;
&#xD;
2019-11-20 09:22:08 - [TEST_STEP][PASSED] - rc_ref = ReturnCodeWrapper(var_expected_rc).getEnumRC(): null&#xD;
&#xD;
2019-11-20 09:22:08 - [TEST_STEP][PASSED] - out.println(var_expected_rc): null&#xD;
&#xD;
2019-11-20 09:22:08 - [TEST_STEP][PASSED] - out.println(rc_ref.getRCName()): null&#xD;
&#xD;
2019-11-20 09:22:08 - [TEST_STEP][PASSED] - out.println(rc_ref.getHttpResponse()): null&#xD;
&#xD;
2019-11-20 09:22:08 - [TEST_STEP][PASSED] - result = verifyEqual(response_code, rc_ref.getRCName()): Actual object 'RC00' and expected object 'RC00' are equal&#xD;
&#xD;
2019-11-20 09:22:08 - [MESSAGE][PASSED] - Actual object 'RC00' and expected object 'RC00' are equal&#xD;
&#xD;
2019-11-20 09:22:08 - [TEST_STEP][PASSED] - if (result == false): null&#xD;
&#xD;
2019-11-20 09:22:08 - [TEST_STEP][PASSED] - else: null&#xD;
&#xD;
2019-11-20 09:22:08 - [TEST_STEP][PASSED] - verifyEqual(statusCode, rc_ref.getHttpResponse()): Actual object '200' and expected object '200' are equal&#xD;
&#xD;
2019-11-20 09:22:08 - [MESSAGE][PASSED] - Actual object '200' and expected object '200' are equal&#xD;
&#xD;
2019-11-20 09:22:08 - [TEST_STEP][PASSED] - if (rc_ref == RC00): null&#xD;
&#xD;
2019-11-20 09:22:08 - [TEST_STEP][PASSED] - decipheredResponseData = SecureUtils.decryptAesEwallet(data, var_aes_key): null&#xD;
&#xD;
2019-11-20 09:22:08 - [TEST_STEP][PASSED] - decipheredRespDataMap = JsonSlurper().parseText(decipheredResponseData): null&#xD;
&#xD;
2019-11-20 09:22:08 - [TEST_STEP][PASSED] - out.println(decipheredRespDataMap): null&#xD;
&#xD;
2019-11-20 09:22:08 - [TEST_STEP][PASSED] - dechiperedResponse = new java.lang.String(decipheredResponseData): null&#xD;
&#xD;
2019-11-20 09:22:08 - [TEST_STEP][PASSED] - println(dechiperedResponse): null</system-out>
            <system-err></system-err>
        </testcase>
        <testcase name="Test Cases/Dashboard_App/TC_getSalesList/TSC_getSalesList" classname="Test Cases/Dashboard_App/TC_getSalesList/TSC_getSalesList" status="PASSED">
            <system-out>2019-11-20 09:22:08 - [TEST_CASE][PASSED] - Test Cases/Dashboard_App/TC_getSalesList/TSC_getSalesList: Test Cases/Dashboard_App/TC_getSalesList/TSC_getSalesList&#xD;
&#xD;
2019-11-20 09:22:08 - [TEST_STEP][PASSED] - plain = "{"user_agent": "" + var_user_agent + "","data_rules": {"search": {"sales_id": "" + var_sales_id + "","employee_name": "" + var_employee_name + ""}}}": null&#xD;
&#xD;
2019-11-20 09:22:08 - [TEST_STEP][PASSED] - page_number = var_page_number: null&#xD;
&#xD;
2019-11-20 09:22:08 - [TEST_STEP][PASSED] - page_size = var_page_size: null&#xD;
&#xD;
2019-11-20 09:22:08 - [TEST_STEP][PASSED] - partner_token = partner_token: null&#xD;
&#xD;
2019-11-20 09:22:08 - [TEST_STEP][PASSED] - out.println(plain): null&#xD;
&#xD;
2019-11-20 09:22:08 - [TEST_STEP][PASSED] - out.println("var_merchant_token" + var_merchant_token): null&#xD;
&#xD;
2019-11-20 09:22:08 - [TEST_STEP][PASSED] - out.println("var_partner_token" + var_partner_token): null&#xD;
&#xD;
2019-11-20 09:22:08 - [TEST_STEP][PASSED] - encipheredData = SecureUtils.encryptAesEwallet(plain, var_aes_key): null&#xD;
&#xD;
2019-11-20 09:22:08 - [TEST_STEP][PASSED] - body = "{"organisation_id":"" + var_organisation_id + ""," + ""data":"" + encipheredData + ""," + ""lang":"" + var_lang + ""}": null&#xD;
&#xD;
2019-11-20 09:22:08 - [TEST_STEP][PASSED] - out.println(body): null&#xD;
&#xD;
2019-11-20 09:22:08 - [TEST_STEP][PASSED] - request = findTestObject("Dashboard_App/obj_getSalesList"): null&#xD;
&#xD;
2019-11-20 09:22:08 - [TEST_STEP][PASSED] - println(hostname): null&#xD;
&#xD;
2019-11-20 09:22:08 - [TEST_STEP][PASSED] - println(access_token_merchant): null&#xD;
&#xD;
2019-11-20 09:22:08 - [TEST_STEP][PASSED] - println(request.getRestUrl()): null&#xD;
&#xD;
2019-11-20 09:22:08 - [TEST_STEP][PASSED] - request.setBodyContent(new com.kms.katalon.core.testobject.impl.HttpTextBodyContent(body, UTF-8, application/json)): null&#xD;
&#xD;
2019-11-20 09:22:08 - [TEST_STEP][PASSED] - if (var_merchant_token == 0): null&#xD;
&#xD;
2019-11-20 09:22:08 - [TEST_STEP][PASSED] - else: null&#xD;
&#xD;
2019-11-20 09:22:08 - [TEST_STEP][PASSED] - out.println("using access_token = " + access_token_merchant): null&#xD;
&#xD;
2019-11-20 09:22:08 - [TEST_STEP][PASSED] - listQuery = new java.util.ArrayList(): null&#xD;
&#xD;
2019-11-20 09:22:08 - [TEST_STEP][PASSED] - listQuery.add(new com.kms.katalon.core.testobject.TestObjectProperty(token, com.kms.katalon.core.testobject.ConditionType.EQUALS, internal.GlobalVariable.access_token_merchant)): null&#xD;
&#xD;
2019-11-20 09:22:08 - [TEST_STEP][PASSED] - request.setRestParameters(listQuery): null&#xD;
&#xD;
2019-11-20 09:22:08 - [TEST_STEP][PASSED] - response = sendRequest(request): Send request successfully&#xD;
&#xD;
2019-11-20 09:22:08 - [MESSAGE][INFO] - HAR: D:\katalon-ewallet\Reports\Dashboard_App\TS_getSalesList\TS_getSalesList\20191120_092200\requests\main\4.har&#xD;
&#xD;
2019-11-20 09:22:08 - [MESSAGE][PASSED] - Send request successfully&#xD;
&#xD;
2019-11-20 09:22:08 - [TEST_STEP][PASSED] - body_content = responseBodyContent: null&#xD;
&#xD;
2019-11-20 09:22:08 - [TEST_STEP][PASSED] - status_code = statusCode: null&#xD;
&#xD;
2019-11-20 09:22:08 - [TEST_STEP][PASSED] - respDataMap = JsonSlurper().parseText(body_content): null&#xD;
&#xD;
2019-11-20 09:22:08 - [TEST_STEP][PASSED] - out.println(respDataMap): null&#xD;
&#xD;
2019-11-20 09:22:08 - [TEST_STEP][PASSED] - println(body_content): null&#xD;
&#xD;
2019-11-20 09:22:08 - [TEST_STEP][PASSED] - rc_ref = ReturnCodeWrapper(var_expected_rc).getEnumRC(): null&#xD;
&#xD;
2019-11-20 09:22:08 - [TEST_STEP][PASSED] - out.println(var_expected_rc): null&#xD;
&#xD;
2019-11-20 09:22:08 - [TEST_STEP][PASSED] - out.println(rc_ref.getRCName()): null&#xD;
&#xD;
2019-11-20 09:22:08 - [TEST_STEP][PASSED] - out.println(rc_ref.getHttpResponse()): null&#xD;
&#xD;
2019-11-20 09:22:08 - [TEST_STEP][PASSED] - result = verifyEqual(response_code, rc_ref.getRCName()): Actual object 'RC00' and expected object 'RC00' are equal&#xD;
&#xD;
2019-11-20 09:22:08 - [MESSAGE][PASSED] - Actual object 'RC00' and expected object 'RC00' are equal&#xD;
&#xD;
2019-11-20 09:22:08 - [TEST_STEP][PASSED] - if (result == false): null&#xD;
&#xD;
2019-11-20 09:22:08 - [TEST_STEP][PASSED] - else: null&#xD;
&#xD;
2019-11-20 09:22:08 - [TEST_STEP][PASSED] - verifyEqual(statusCode, rc_ref.getHttpResponse()): Actual object '200' and expected object '200' are equal&#xD;
&#xD;
2019-11-20 09:22:08 - [MESSAGE][PASSED] - Actual object '200' and expected object '200' are equal&#xD;
&#xD;
2019-11-20 09:22:08 - [TEST_STEP][PASSED] - if (rc_ref == RC00): null&#xD;
&#xD;
2019-11-20 09:22:08 - [TEST_STEP][PASSED] - decipheredResponseData = SecureUtils.decryptAesEwallet(data, var_aes_key): null&#xD;
&#xD;
2019-11-20 09:22:08 - [TEST_STEP][PASSED] - decipheredRespDataMap = JsonSlurper().parseText(decipheredResponseData): null&#xD;
&#xD;
2019-11-20 09:22:08 - [TEST_STEP][PASSED] - out.println(decipheredRespDataMap): null&#xD;
&#xD;
2019-11-20 09:22:08 - [TEST_STEP][PASSED] - dechiperedResponse = new java.lang.String(decipheredResponseData): null&#xD;
&#xD;
2019-11-20 09:22:08 - [TEST_STEP][PASSED] - println(dechiperedResponse): null</system-out>
            <system-err></system-err>
        </testcase>
        <testcase name="Test Cases/Dashboard_App/TC_getSalesList/TSC_getSalesList" classname="Test Cases/Dashboard_App/TC_getSalesList/TSC_getSalesList" status="PASSED">
            <system-out>2019-11-20 09:22:09 - [TEST_CASE][PASSED] - Test Cases/Dashboard_App/TC_getSalesList/TSC_getSalesList: Test Cases/Dashboard_App/TC_getSalesList/TSC_getSalesList&#xD;
&#xD;
2019-11-20 09:22:09 - [TEST_STEP][PASSED] - plain = "{"user_agent": "" + var_user_agent + "","data_rules": {"search": {"sales_id": "" + var_sales_id + "","employee_name": "" + var_employee_name + ""}}}": null&#xD;
&#xD;
2019-11-20 09:22:09 - [TEST_STEP][PASSED] - page_number = var_page_number: null&#xD;
&#xD;
2019-11-20 09:22:09 - [TEST_STEP][PASSED] - page_size = var_page_size: null&#xD;
&#xD;
2019-11-20 09:22:09 - [TEST_STEP][PASSED] - partner_token = partner_token: null&#xD;
&#xD;
2019-11-20 09:22:09 - [TEST_STEP][PASSED] - out.println(plain): null&#xD;
&#xD;
2019-11-20 09:22:09 - [TEST_STEP][PASSED] - out.println("var_merchant_token" + var_merchant_token): null&#xD;
&#xD;
2019-11-20 09:22:09 - [TEST_STEP][PASSED] - out.println("var_partner_token" + var_partner_token): null&#xD;
&#xD;
2019-11-20 09:22:09 - [TEST_STEP][PASSED] - encipheredData = SecureUtils.encryptAesEwallet(plain, var_aes_key): null&#xD;
&#xD;
2019-11-20 09:22:09 - [TEST_STEP][PASSED] - body = "{"organisation_id":"" + var_organisation_id + ""," + ""data":"" + encipheredData + ""," + ""lang":"" + var_lang + ""}": null&#xD;
&#xD;
2019-11-20 09:22:09 - [TEST_STEP][PASSED] - out.println(body): null&#xD;
&#xD;
2019-11-20 09:22:09 - [TEST_STEP][PASSED] - request = findTestObject("Dashboard_App/obj_getSalesList"): null&#xD;
&#xD;
2019-11-20 09:22:09 - [TEST_STEP][PASSED] - println(hostname): null&#xD;
&#xD;
2019-11-20 09:22:09 - [TEST_STEP][PASSED] - println(access_token_merchant): null&#xD;
&#xD;
2019-11-20 09:22:09 - [TEST_STEP][PASSED] - println(request.getRestUrl()): null&#xD;
&#xD;
2019-11-20 09:22:09 - [TEST_STEP][PASSED] - request.setBodyContent(new com.kms.katalon.core.testobject.impl.HttpTextBodyContent(body, UTF-8, application/json)): null&#xD;
&#xD;
2019-11-20 09:22:09 - [TEST_STEP][PASSED] - if (var_merchant_token == 0): null&#xD;
&#xD;
2019-11-20 09:22:09 - [TEST_STEP][PASSED] - else: null&#xD;
&#xD;
2019-11-20 09:22:09 - [TEST_STEP][PASSED] - out.println("using access_token = " + access_token_merchant): null&#xD;
&#xD;
2019-11-20 09:22:09 - [TEST_STEP][PASSED] - listQuery = new java.util.ArrayList(): null&#xD;
&#xD;
2019-11-20 09:22:09 - [TEST_STEP][PASSED] - listQuery.add(new com.kms.katalon.core.testobject.TestObjectProperty(token, com.kms.katalon.core.testobject.ConditionType.EQUALS, internal.GlobalVariable.access_token_merchant)): null&#xD;
&#xD;
2019-11-20 09:22:09 - [TEST_STEP][PASSED] - request.setRestParameters(listQuery): null&#xD;
&#xD;
2019-11-20 09:22:09 - [TEST_STEP][PASSED] - response = sendRequest(request): Send request successfully&#xD;
&#xD;
2019-11-20 09:22:09 - [MESSAGE][INFO] - HAR: D:\katalon-ewallet\Reports\Dashboard_App\TS_getSalesList\TS_getSalesList\20191120_092200\requests\main\5.har&#xD;
&#xD;
2019-11-20 09:22:09 - [MESSAGE][PASSED] - Send request successfully&#xD;
&#xD;
2019-11-20 09:22:09 - [TEST_STEP][PASSED] - body_content = responseBodyContent: null&#xD;
&#xD;
2019-11-20 09:22:09 - [TEST_STEP][PASSED] - status_code = statusCode: null&#xD;
&#xD;
2019-11-20 09:22:09 - [TEST_STEP][PASSED] - respDataMap = JsonSlurper().parseText(body_content): null&#xD;
&#xD;
2019-11-20 09:22:09 - [TEST_STEP][PASSED] - out.println(respDataMap): null&#xD;
&#xD;
2019-11-20 09:22:09 - [TEST_STEP][PASSED] - println(body_content): null&#xD;
&#xD;
2019-11-20 09:22:09 - [TEST_STEP][PASSED] - rc_ref = ReturnCodeWrapper(var_expected_rc).getEnumRC(): null&#xD;
&#xD;
2019-11-20 09:22:09 - [TEST_STEP][PASSED] - out.println(var_expected_rc): null&#xD;
&#xD;
2019-11-20 09:22:09 - [TEST_STEP][PASSED] - out.println(rc_ref.getRCName()): null&#xD;
&#xD;
2019-11-20 09:22:09 - [TEST_STEP][PASSED] - out.println(rc_ref.getHttpResponse()): null&#xD;
&#xD;
2019-11-20 09:22:09 - [TEST_STEP][PASSED] - result = verifyEqual(response_code, rc_ref.getRCName()): Actual object 'RC00' and expected object 'RC00' are equal&#xD;
&#xD;
2019-11-20 09:22:09 - [MESSAGE][PASSED] - Actual object 'RC00' and expected object 'RC00' are equal&#xD;
&#xD;
2019-11-20 09:22:09 - [TEST_STEP][PASSED] - if (result == false): null&#xD;
&#xD;
2019-11-20 09:22:09 - [TEST_STEP][PASSED] - else: null&#xD;
&#xD;
2019-11-20 09:22:09 - [TEST_STEP][PASSED] - verifyEqual(statusCode, rc_ref.getHttpResponse()): Actual object '200' and expected object '200' are equal&#xD;
&#xD;
2019-11-20 09:22:09 - [MESSAGE][PASSED] - Actual object '200' and expected object '200' are equal&#xD;
&#xD;
2019-11-20 09:22:09 - [TEST_STEP][PASSED] - if (rc_ref == RC00): null&#xD;
&#xD;
2019-11-20 09:22:09 - [TEST_STEP][PASSED] - decipheredResponseData = SecureUtils.decryptAesEwallet(data, var_aes_key): null&#xD;
&#xD;
2019-11-20 09:22:09 - [TEST_STEP][PASSED] - decipheredRespDataMap = JsonSlurper().parseText(decipheredResponseData): null&#xD;
&#xD;
2019-11-20 09:22:09 - [TEST_STEP][PASSED] - out.println(decipheredRespDataMap): null&#xD;
&#xD;
2019-11-20 09:22:09 - [TEST_STEP][PASSED] - dechiperedResponse = new java.lang.String(decipheredResponseData): null&#xD;
&#xD;
2019-11-20 09:22:09 - [TEST_STEP][PASSED] - println(dechiperedResponse): null</system-out>
            <system-err></system-err>
        </testcase>
        <testcase name="Test Cases/Dashboard_App/TC_getSalesList/TSC_getSalesList" classname="Test Cases/Dashboard_App/TC_getSalesList/TSC_getSalesList" status="PASSED">
            <system-out>2019-11-20 09:22:09 - [TEST_CASE][PASSED] - Test Cases/Dashboard_App/TC_getSalesList/TSC_getSalesList: Test Cases/Dashboard_App/TC_getSalesList/TSC_getSalesList&#xD;
&#xD;
2019-11-20 09:22:09 - [TEST_STEP][PASSED] - plain = "{"user_agent": "" + var_user_agent + "","data_rules": {"search": {"sales_id": "" + var_sales_id + "","employee_name": "" + var_employee_name + ""}}}": null&#xD;
&#xD;
2019-11-20 09:22:09 - [TEST_STEP][PASSED] - page_number = var_page_number: null&#xD;
&#xD;
2019-11-20 09:22:09 - [TEST_STEP][PASSED] - page_size = var_page_size: null&#xD;
&#xD;
2019-11-20 09:22:09 - [TEST_STEP][PASSED] - partner_token = partner_token: null&#xD;
&#xD;
2019-11-20 09:22:09 - [TEST_STEP][PASSED] - out.println(plain): null&#xD;
&#xD;
2019-11-20 09:22:09 - [TEST_STEP][PASSED] - out.println("var_merchant_token" + var_merchant_token): null&#xD;
&#xD;
2019-11-20 09:22:09 - [TEST_STEP][PASSED] - out.println("var_partner_token" + var_partner_token): null&#xD;
&#xD;
2019-11-20 09:22:09 - [TEST_STEP][PASSED] - encipheredData = SecureUtils.encryptAesEwallet(plain, var_aes_key): null&#xD;
&#xD;
2019-11-20 09:22:09 - [TEST_STEP][PASSED] - body = "{"organisation_id":"" + var_organisation_id + ""," + ""data":"" + encipheredData + ""," + ""lang":"" + var_lang + ""}": null&#xD;
&#xD;
2019-11-20 09:22:09 - [TEST_STEP][PASSED] - out.println(body): null&#xD;
&#xD;
2019-11-20 09:22:09 - [TEST_STEP][PASSED] - request = findTestObject("Dashboard_App/obj_getSalesList"): null&#xD;
&#xD;
2019-11-20 09:22:09 - [TEST_STEP][PASSED] - println(hostname): null&#xD;
&#xD;
2019-11-20 09:22:09 - [TEST_STEP][PASSED] - println(access_token_merchant): null&#xD;
&#xD;
2019-11-20 09:22:09 - [TEST_STEP][PASSED] - println(request.getRestUrl()): null&#xD;
&#xD;
2019-11-20 09:22:09 - [TEST_STEP][PASSED] - request.setBodyContent(new com.kms.katalon.core.testobject.impl.HttpTextBodyContent(body, UTF-8, application/json)): null&#xD;
&#xD;
2019-11-20 09:22:09 - [TEST_STEP][PASSED] - if (var_merchant_token == 0): null&#xD;
&#xD;
2019-11-20 09:22:09 - [TEST_STEP][PASSED] - else: null&#xD;
&#xD;
2019-11-20 09:22:09 - [TEST_STEP][PASSED] - out.println("using access_token = " + access_token_merchant): null&#xD;
&#xD;
2019-11-20 09:22:09 - [TEST_STEP][PASSED] - listQuery = new java.util.ArrayList(): null&#xD;
&#xD;
2019-11-20 09:22:09 - [TEST_STEP][PASSED] - listQuery.add(new com.kms.katalon.core.testobject.TestObjectProperty(token, com.kms.katalon.core.testobject.ConditionType.EQUALS, internal.GlobalVariable.access_token_merchant)): null&#xD;
&#xD;
2019-11-20 09:22:09 - [TEST_STEP][PASSED] - request.setRestParameters(listQuery): null&#xD;
&#xD;
2019-11-20 09:22:09 - [TEST_STEP][PASSED] - response = sendRequest(request): Send request successfully&#xD;
&#xD;
2019-11-20 09:22:09 - [MESSAGE][INFO] - HAR: D:\katalon-ewallet\Reports\Dashboard_App\TS_getSalesList\TS_getSalesList\20191120_092200\requests\main\6.har&#xD;
&#xD;
2019-11-20 09:22:09 - [MESSAGE][PASSED] - Send request successfully&#xD;
&#xD;
2019-11-20 09:22:09 - [TEST_STEP][PASSED] - body_content = responseBodyContent: null&#xD;
&#xD;
2019-11-20 09:22:09 - [TEST_STEP][PASSED] - status_code = statusCode: null&#xD;
&#xD;
2019-11-20 09:22:09 - [TEST_STEP][PASSED] - respDataMap = JsonSlurper().parseText(body_content): null&#xD;
&#xD;
2019-11-20 09:22:09 - [TEST_STEP][PASSED] - out.println(respDataMap): null&#xD;
&#xD;
2019-11-20 09:22:09 - [TEST_STEP][PASSED] - println(body_content): null&#xD;
&#xD;
2019-11-20 09:22:09 - [TEST_STEP][PASSED] - rc_ref = ReturnCodeWrapper(var_expected_rc).getEnumRC(): null&#xD;
&#xD;
2019-11-20 09:22:09 - [TEST_STEP][PASSED] - out.println(var_expected_rc): null&#xD;
&#xD;
2019-11-20 09:22:09 - [TEST_STEP][PASSED] - out.println(rc_ref.getRCName()): null&#xD;
&#xD;
2019-11-20 09:22:09 - [TEST_STEP][PASSED] - out.println(rc_ref.getHttpResponse()): null&#xD;
&#xD;
2019-11-20 09:22:09 - [TEST_STEP][PASSED] - result = verifyEqual(response_code, rc_ref.getRCName()): Actual object 'RC00' and expected object 'RC00' are equal&#xD;
&#xD;
2019-11-20 09:22:09 - [MESSAGE][PASSED] - Actual object 'RC00' and expected object 'RC00' are equal&#xD;
&#xD;
2019-11-20 09:22:09 - [TEST_STEP][PASSED] - if (result == false): null&#xD;
&#xD;
2019-11-20 09:22:09 - [TEST_STEP][PASSED] - else: null&#xD;
&#xD;
2019-11-20 09:22:09 - [TEST_STEP][PASSED] - verifyEqual(statusCode, rc_ref.getHttpResponse()): Actual object '200' and expected object '200' are equal&#xD;
&#xD;
2019-11-20 09:22:09 - [MESSAGE][PASSED] - Actual object '200' and expected object '200' are equal&#xD;
&#xD;
2019-11-20 09:22:09 - [TEST_STEP][PASSED] - if (rc_ref == RC00): null&#xD;
&#xD;
2019-11-20 09:22:09 - [TEST_STEP][PASSED] - decipheredResponseData = SecureUtils.decryptAesEwallet(data, var_aes_key): null&#xD;
&#xD;
2019-11-20 09:22:09 - [TEST_STEP][PASSED] - decipheredRespDataMap = JsonSlurper().parseText(decipheredResponseData): null&#xD;
&#xD;
2019-11-20 09:22:09 - [TEST_STEP][PASSED] - out.println(decipheredRespDataMap): null&#xD;
&#xD;
2019-11-20 09:22:09 - [TEST_STEP][PASSED] - dechiperedResponse = new java.lang.String(decipheredResponseData): null&#xD;
&#xD;
2019-11-20 09:22:09 - [TEST_STEP][PASSED] - println(dechiperedResponse): null</system-out>
            <system-err></system-err>
        </testcase>
        <testcase name="Test Cases/Dashboard_App/TC_getSalesList/TSC_getSalesList" classname="Test Cases/Dashboard_App/TC_getSalesList/TSC_getSalesList" status="PASSED">
            <system-out>2019-11-20 09:22:09 - [TEST_CASE][PASSED] - Test Cases/Dashboard_App/TC_getSalesList/TSC_getSalesList: Test Cases/Dashboard_App/TC_getSalesList/TSC_getSalesList&#xD;
&#xD;
2019-11-20 09:22:09 - [TEST_STEP][PASSED] - plain = "{"user_agent": "" + var_user_agent + "","data_rules": {"search": {"sales_id": "" + var_sales_id + "","employee_name": "" + var_employee_name + ""}}}": null&#xD;
&#xD;
2019-11-20 09:22:09 - [TEST_STEP][PASSED] - page_number = var_page_number: null&#xD;
&#xD;
2019-11-20 09:22:09 - [TEST_STEP][PASSED] - page_size = var_page_size: null&#xD;
&#xD;
2019-11-20 09:22:09 - [TEST_STEP][PASSED] - partner_token = partner_token: null&#xD;
&#xD;
2019-11-20 09:22:09 - [TEST_STEP][PASSED] - out.println(plain): null&#xD;
&#xD;
2019-11-20 09:22:09 - [TEST_STEP][PASSED] - out.println("var_merchant_token" + var_merchant_token): null&#xD;
&#xD;
2019-11-20 09:22:09 - [TEST_STEP][PASSED] - out.println("var_partner_token" + var_partner_token): null&#xD;
&#xD;
2019-11-20 09:22:09 - [TEST_STEP][PASSED] - encipheredData = SecureUtils.encryptAesEwallet(plain, var_aes_key): null&#xD;
&#xD;
2019-11-20 09:22:09 - [TEST_STEP][PASSED] - body = "{"organisation_id":"" + var_organisation_id + ""," + ""data":"" + encipheredData + ""," + ""lang":"" + var_lang + ""}": null&#xD;
&#xD;
2019-11-20 09:22:09 - [TEST_STEP][PASSED] - out.println(body): null&#xD;
&#xD;
2019-11-20 09:22:09 - [TEST_STEP][PASSED] - request = findTestObject("Dashboard_App/obj_getSalesList"): null&#xD;
&#xD;
2019-11-20 09:22:09 - [TEST_STEP][PASSED] - println(hostname): null&#xD;
&#xD;
2019-11-20 09:22:09 - [TEST_STEP][PASSED] - println(access_token_merchant): null&#xD;
&#xD;
2019-11-20 09:22:09 - [TEST_STEP][PASSED] - println(request.getRestUrl()): null&#xD;
&#xD;
2019-11-20 09:22:09 - [TEST_STEP][PASSED] - request.setBodyContent(new com.kms.katalon.core.testobject.impl.HttpTextBodyContent(body, UTF-8, application/json)): null&#xD;
&#xD;
2019-11-20 09:22:09 - [TEST_STEP][PASSED] - if (var_merchant_token == 0): null&#xD;
&#xD;
2019-11-20 09:22:09 - [TEST_STEP][PASSED] - else: null&#xD;
&#xD;
2019-11-20 09:22:09 - [TEST_STEP][PASSED] - out.println("using access_token = " + access_token_merchant): null&#xD;
&#xD;
2019-11-20 09:22:09 - [TEST_STEP][PASSED] - listQuery = new java.util.ArrayList(): null&#xD;
&#xD;
2019-11-20 09:22:09 - [TEST_STEP][PASSED] - listQuery.add(new com.kms.katalon.core.testobject.TestObjectProperty(token, com.kms.katalon.core.testobject.ConditionType.EQUALS, internal.GlobalVariable.access_token_merchant)): null&#xD;
&#xD;
2019-11-20 09:22:09 - [TEST_STEP][PASSED] - request.setRestParameters(listQuery): null&#xD;
&#xD;
2019-11-20 09:22:09 - [TEST_STEP][PASSED] - response = sendRequest(request): Send request successfully&#xD;
&#xD;
2019-11-20 09:22:09 - [MESSAGE][INFO] - HAR: D:\katalon-ewallet\Reports\Dashboard_App\TS_getSalesList\TS_getSalesList\20191120_092200\requests\main\7.har&#xD;
&#xD;
2019-11-20 09:22:09 - [MESSAGE][PASSED] - Send request successfully&#xD;
&#xD;
2019-11-20 09:22:09 - [TEST_STEP][PASSED] - body_content = responseBodyContent: null&#xD;
&#xD;
2019-11-20 09:22:09 - [TEST_STEP][PASSED] - status_code = statusCode: null&#xD;
&#xD;
2019-11-20 09:22:09 - [TEST_STEP][PASSED] - respDataMap = JsonSlurper().parseText(body_content): null&#xD;
&#xD;
2019-11-20 09:22:09 - [TEST_STEP][PASSED] - out.println(respDataMap): null&#xD;
&#xD;
2019-11-20 09:22:09 - [TEST_STEP][PASSED] - println(body_content): null&#xD;
&#xD;
2019-11-20 09:22:09 - [TEST_STEP][PASSED] - rc_ref = ReturnCodeWrapper(var_expected_rc).getEnumRC(): null&#xD;
&#xD;
2019-11-20 09:22:09 - [TEST_STEP][PASSED] - out.println(var_expected_rc): null&#xD;
&#xD;
2019-11-20 09:22:09 - [TEST_STEP][PASSED] - out.println(rc_ref.getRCName()): null&#xD;
&#xD;
2019-11-20 09:22:09 - [TEST_STEP][PASSED] - out.println(rc_ref.getHttpResponse()): null&#xD;
&#xD;
2019-11-20 09:22:09 - [TEST_STEP][PASSED] - result = verifyEqual(response_code, rc_ref.getRCName()): Actual object 'RC01' and expected object 'RC01' are equal&#xD;
&#xD;
2019-11-20 09:22:09 - [MESSAGE][PASSED] - Actual object 'RC01' and expected object 'RC01' are equal&#xD;
&#xD;
2019-11-20 09:22:09 - [TEST_STEP][PASSED] - if (result == false): null&#xD;
&#xD;
2019-11-20 09:22:09 - [TEST_STEP][PASSED] - else: null&#xD;
&#xD;
2019-11-20 09:22:09 - [TEST_STEP][PASSED] - verifyEqual(statusCode, rc_ref.getHttpResponse()): Actual object '400' and expected object '400' are equal&#xD;
&#xD;
2019-11-20 09:22:09 - [MESSAGE][PASSED] - Actual object '400' and expected object '400' are equal&#xD;
&#xD;
2019-11-20 09:22:09 - [TEST_STEP][PASSED] - if (rc_ref == RC00): null</system-out>
            <system-err></system-err>
        </testcase>
        <testcase name="Test Cases/Dashboard_App/TC_getSalesList/TSC_getSalesList" classname="Test Cases/Dashboard_App/TC_getSalesList/TSC_getSalesList" status="PASSED">
            <system-out>2019-11-20 09:22:09 - [TEST_CASE][PASSED] - Test Cases/Dashboard_App/TC_getSalesList/TSC_getSalesList: Test Cases/Dashboard_App/TC_getSalesList/TSC_getSalesList&#xD;
&#xD;
2019-11-20 09:22:09 - [TEST_STEP][PASSED] - plain = "{"user_agent": "" + var_user_agent + "","data_rules": {"search": {"sales_id": "" + var_sales_id + "","employee_name": "" + var_employee_name + ""}}}": null&#xD;
&#xD;
2019-11-20 09:22:09 - [TEST_STEP][PASSED] - page_number = var_page_number: null&#xD;
&#xD;
2019-11-20 09:22:09 - [TEST_STEP][PASSED] - page_size = var_page_size: null&#xD;
&#xD;
2019-11-20 09:22:09 - [TEST_STEP][PASSED] - partner_token = partner_token: null&#xD;
&#xD;
2019-11-20 09:22:09 - [TEST_STEP][PASSED] - out.println(plain): null&#xD;
&#xD;
2019-11-20 09:22:09 - [TEST_STEP][PASSED] - out.println("var_merchant_token" + var_merchant_token): null&#xD;
&#xD;
2019-11-20 09:22:09 - [TEST_STEP][PASSED] - out.println("var_partner_token" + var_partner_token): null&#xD;
&#xD;
2019-11-20 09:22:09 - [TEST_STEP][PASSED] - encipheredData = SecureUtils.encryptAesEwallet(plain, var_aes_key): null&#xD;
&#xD;
2019-11-20 09:22:09 - [TEST_STEP][PASSED] - body = "{"organisation_id":"" + var_organisation_id + ""," + ""data":"" + encipheredData + ""," + ""lang":"" + var_lang + ""}": null&#xD;
&#xD;
2019-11-20 09:22:09 - [TEST_STEP][PASSED] - out.println(body): null&#xD;
&#xD;
2019-11-20 09:22:09 - [TEST_STEP][PASSED] - request = findTestObject("Dashboard_App/obj_getSalesList"): null&#xD;
&#xD;
2019-11-20 09:22:10 - [TEST_STEP][PASSED] - println(hostname): null&#xD;
&#xD;
2019-11-20 09:22:10 - [TEST_STEP][PASSED] - println(access_token_merchant): null&#xD;
&#xD;
2019-11-20 09:22:10 - [TEST_STEP][PASSED] - println(request.getRestUrl()): null&#xD;
&#xD;
2019-11-20 09:22:10 - [TEST_STEP][PASSED] - request.setBodyContent(new com.kms.katalon.core.testobject.impl.HttpTextBodyContent(body, UTF-8, application/json)): null&#xD;
&#xD;
2019-11-20 09:22:10 - [TEST_STEP][PASSED] - if (var_merchant_token == 0): null&#xD;
&#xD;
2019-11-20 09:22:10 - [TEST_STEP][PASSED] - else: null&#xD;
&#xD;
2019-11-20 09:22:10 - [TEST_STEP][PASSED] - out.println("using access_token = " + access_token_merchant): null&#xD;
&#xD;
2019-11-20 09:22:10 - [TEST_STEP][PASSED] - listQuery = new java.util.ArrayList(): null&#xD;
&#xD;
2019-11-20 09:22:10 - [TEST_STEP][PASSED] - listQuery.add(new com.kms.katalon.core.testobject.TestObjectProperty(token, com.kms.katalon.core.testobject.ConditionType.EQUALS, internal.GlobalVariable.access_token_merchant)): null&#xD;
&#xD;
2019-11-20 09:22:10 - [TEST_STEP][PASSED] - request.setRestParameters(listQuery): null&#xD;
&#xD;
2019-11-20 09:22:10 - [TEST_STEP][PASSED] - response = sendRequest(request): Send request successfully&#xD;
&#xD;
2019-11-20 09:22:10 - [MESSAGE][INFO] - HAR: D:\katalon-ewallet\Reports\Dashboard_App\TS_getSalesList\TS_getSalesList\20191120_092200\requests\main\8.har&#xD;
&#xD;
2019-11-20 09:22:10 - [MESSAGE][PASSED] - Send request successfully&#xD;
&#xD;
2019-11-20 09:22:10 - [TEST_STEP][PASSED] - body_content = responseBodyContent: null&#xD;
&#xD;
2019-11-20 09:22:10 - [TEST_STEP][PASSED] - status_code = statusCode: null&#xD;
&#xD;
2019-11-20 09:22:10 - [TEST_STEP][PASSED] - respDataMap = JsonSlurper().parseText(body_content): null&#xD;
&#xD;
2019-11-20 09:22:10 - [TEST_STEP][PASSED] - out.println(respDataMap): null&#xD;
&#xD;
2019-11-20 09:22:10 - [TEST_STEP][PASSED] - println(body_content): null&#xD;
&#xD;
2019-11-20 09:22:10 - [TEST_STEP][PASSED] - rc_ref = ReturnCodeWrapper(var_expected_rc).getEnumRC(): null&#xD;
&#xD;
2019-11-20 09:22:10 - [TEST_STEP][PASSED] - out.println(var_expected_rc): null&#xD;
&#xD;
2019-11-20 09:22:10 - [TEST_STEP][PASSED] - out.println(rc_ref.getRCName()): null&#xD;
&#xD;
2019-11-20 09:22:10 - [TEST_STEP][PASSED] - out.println(rc_ref.getHttpResponse()): null&#xD;
&#xD;
2019-11-20 09:22:10 - [TEST_STEP][PASSED] - result = verifyEqual(response_code, rc_ref.getRCName()): Actual object 'RC01' and expected object 'RC01' are equal&#xD;
&#xD;
2019-11-20 09:22:10 - [MESSAGE][PASSED] - Actual object 'RC01' and expected object 'RC01' are equal&#xD;
&#xD;
2019-11-20 09:22:10 - [TEST_STEP][PASSED] - if (result == false): null&#xD;
&#xD;
2019-11-20 09:22:10 - [TEST_STEP][PASSED] - else: null&#xD;
&#xD;
2019-11-20 09:22:10 - [TEST_STEP][PASSED] - verifyEqual(statusCode, rc_ref.getHttpResponse()): Actual object '400' and expected object '400' are equal&#xD;
&#xD;
2019-11-20 09:22:10 - [MESSAGE][PASSED] - Actual object '400' and expected object '400' are equal&#xD;
&#xD;
2019-11-20 09:22:10 - [TEST_STEP][PASSED] - if (rc_ref == RC00): null</system-out>
            <system-err></system-err>
        </testcase>
        <testcase name="Test Cases/Dashboard_App/TC_getSalesList/TSC_getSalesList" classname="Test Cases/Dashboard_App/TC_getSalesList/TSC_getSalesList" status="PASSED">
            <system-out>2019-11-20 09:22:10 - [TEST_CASE][PASSED] - Test Cases/Dashboard_App/TC_getSalesList/TSC_getSalesList: Test Cases/Dashboard_App/TC_getSalesList/TSC_getSalesList&#xD;
&#xD;
2019-11-20 09:22:10 - [TEST_STEP][PASSED] - plain = "{"user_agent": "" + var_user_agent + "","data_rules": {"search": {"sales_id": "" + var_sales_id + "","employee_name": "" + var_employee_name + ""}}}": null&#xD;
&#xD;
2019-11-20 09:22:10 - [TEST_STEP][PASSED] - page_number = var_page_number: null&#xD;
&#xD;
2019-11-20 09:22:10 - [TEST_STEP][PASSED] - page_size = var_page_size: null&#xD;
&#xD;
2019-11-20 09:22:10 - [TEST_STEP][PASSED] - partner_token = partner_token: null&#xD;
&#xD;
2019-11-20 09:22:10 - [TEST_STEP][PASSED] - out.println(plain): null&#xD;
&#xD;
2019-11-20 09:22:10 - [TEST_STEP][PASSED] - out.println("var_merchant_token" + var_merchant_token): null&#xD;
&#xD;
2019-11-20 09:22:10 - [TEST_STEP][PASSED] - out.println("var_partner_token" + var_partner_token): null&#xD;
&#xD;
2019-11-20 09:22:10 - [TEST_STEP][PASSED] - encipheredData = SecureUtils.encryptAesEwallet(plain, var_aes_key): null&#xD;
&#xD;
2019-11-20 09:22:10 - [TEST_STEP][PASSED] - body = "{"organisation_id":"" + var_organisation_id + ""," + ""data":"" + encipheredData + ""," + ""lang":"" + var_lang + ""}": null&#xD;
&#xD;
2019-11-20 09:22:10 - [TEST_STEP][PASSED] - out.println(body): null&#xD;
&#xD;
2019-11-20 09:22:10 - [TEST_STEP][PASSED] - request = findTestObject("Dashboard_App/obj_getSalesList"): null&#xD;
&#xD;
2019-11-20 09:22:10 - [TEST_STEP][PASSED] - println(hostname): null&#xD;
&#xD;
2019-11-20 09:22:10 - [TEST_STEP][PASSED] - println(access_token_merchant): null&#xD;
&#xD;
2019-11-20 09:22:10 - [TEST_STEP][PASSED] - println(request.getRestUrl()): null&#xD;
&#xD;
2019-11-20 09:22:10 - [TEST_STEP][PASSED] - request.setBodyContent(new com.kms.katalon.core.testobject.impl.HttpTextBodyContent(body, UTF-8, application/json)): null&#xD;
&#xD;
2019-11-20 09:22:10 - [TEST_STEP][PASSED] - if (var_merchant_token == 0): null&#xD;
&#xD;
2019-11-20 09:22:10 - [TEST_STEP][PASSED] - else: null&#xD;
&#xD;
2019-11-20 09:22:10 - [TEST_STEP][PASSED] - out.println("using access_token = " + access_token_merchant): null&#xD;
&#xD;
2019-11-20 09:22:10 - [TEST_STEP][PASSED] - listQuery = new java.util.ArrayList(): null&#xD;
&#xD;
2019-11-20 09:22:10 - [TEST_STEP][PASSED] - listQuery.add(new com.kms.katalon.core.testobject.TestObjectProperty(token, com.kms.katalon.core.testobject.ConditionType.EQUALS, internal.GlobalVariable.access_token_merchant)): null&#xD;
&#xD;
2019-11-20 09:22:10 - [TEST_STEP][PASSED] - request.setRestParameters(listQuery): null&#xD;
&#xD;
2019-11-20 09:22:10 - [TEST_STEP][PASSED] - response = sendRequest(request): Send request successfully&#xD;
&#xD;
2019-11-20 09:22:10 - [MESSAGE][INFO] - HAR: D:\katalon-ewallet\Reports\Dashboard_App\TS_getSalesList\TS_getSalesList\20191120_092200\requests\main\9.har&#xD;
&#xD;
2019-11-20 09:22:10 - [MESSAGE][PASSED] - Send request successfully&#xD;
&#xD;
2019-11-20 09:22:10 - [TEST_STEP][PASSED] - body_content = responseBodyContent: null&#xD;
&#xD;
2019-11-20 09:22:10 - [TEST_STEP][PASSED] - status_code = statusCode: null&#xD;
&#xD;
2019-11-20 09:22:10 - [TEST_STEP][PASSED] - respDataMap = JsonSlurper().parseText(body_content): null&#xD;
&#xD;
2019-11-20 09:22:10 - [TEST_STEP][PASSED] - out.println(respDataMap): null&#xD;
&#xD;
2019-11-20 09:22:10 - [TEST_STEP][PASSED] - println(body_content): null&#xD;
&#xD;
2019-11-20 09:22:10 - [TEST_STEP][PASSED] - rc_ref = ReturnCodeWrapper(var_expected_rc).getEnumRC(): null&#xD;
&#xD;
2019-11-20 09:22:10 - [TEST_STEP][PASSED] - out.println(var_expected_rc): null&#xD;
&#xD;
2019-11-20 09:22:10 - [TEST_STEP][PASSED] - out.println(rc_ref.getRCName()): null&#xD;
&#xD;
2019-11-20 09:22:10 - [TEST_STEP][PASSED] - out.println(rc_ref.getHttpResponse()): null&#xD;
&#xD;
2019-11-20 09:22:10 - [TEST_STEP][PASSED] - result = verifyEqual(response_code, rc_ref.getRCName()): Actual object 'RC00' and expected object 'RC00' are equal&#xD;
&#xD;
2019-11-20 09:22:10 - [MESSAGE][PASSED] - Actual object 'RC00' and expected object 'RC00' are equal&#xD;
&#xD;
2019-11-20 09:22:10 - [TEST_STEP][PASSED] - if (result == false): null&#xD;
&#xD;
2019-11-20 09:22:10 - [TEST_STEP][PASSED] - else: null&#xD;
&#xD;
2019-11-20 09:22:10 - [TEST_STEP][PASSED] - verifyEqual(statusCode, rc_ref.getHttpResponse()): Actual object '200' and expected object '200' are equal&#xD;
&#xD;
2019-11-20 09:22:10 - [MESSAGE][PASSED] - Actual object '200' and expected object '200' are equal&#xD;
&#xD;
2019-11-20 09:22:10 - [TEST_STEP][PASSED] - if (rc_ref == RC00): null&#xD;
&#xD;
2019-11-20 09:22:10 - [TEST_STEP][PASSED] - decipheredResponseData = SecureUtils.decryptAesEwallet(data, var_aes_key): null&#xD;
&#xD;
2019-11-20 09:22:10 - [TEST_STEP][PASSED] - decipheredRespDataMap = JsonSlurper().parseText(decipheredResponseData): null&#xD;
&#xD;
2019-11-20 09:22:10 - [TEST_STEP][PASSED] - out.println(decipheredRespDataMap): null&#xD;
&#xD;
2019-11-20 09:22:10 - [TEST_STEP][PASSED] - dechiperedResponse = new java.lang.String(decipheredResponseData): null&#xD;
&#xD;
2019-11-20 09:22:10 - [TEST_STEP][PASSED] - println(dechiperedResponse): null</system-out>
            <system-err></system-err>
        </testcase>
        <testcase name="Test Cases/Dashboard_App/TC_getSalesList/TSC_getSalesList" classname="Test Cases/Dashboard_App/TC_getSalesList/TSC_getSalesList" status="PASSED">
            <system-out>2019-11-20 09:22:10 - [TEST_CASE][PASSED] - Test Cases/Dashboard_App/TC_getSalesList/TSC_getSalesList: Test Cases/Dashboard_App/TC_getSalesList/TSC_getSalesList&#xD;
&#xD;
2019-11-20 09:22:10 - [TEST_STEP][PASSED] - plain = "{"user_agent": "" + var_user_agent + "","data_rules": {"search": {"sales_id": "" + var_sales_id + "","employee_name": "" + var_employee_name + ""}}}": null&#xD;
&#xD;
2019-11-20 09:22:10 - [TEST_STEP][PASSED] - page_number = var_page_number: null&#xD;
&#xD;
2019-11-20 09:22:10 - [TEST_STEP][PASSED] - page_size = var_page_size: null&#xD;
&#xD;
2019-11-20 09:22:10 - [TEST_STEP][PASSED] - partner_token = partner_token: null&#xD;
&#xD;
2019-11-20 09:22:10 - [TEST_STEP][PASSED] - out.println(plain): null&#xD;
&#xD;
2019-11-20 09:22:10 - [TEST_STEP][PASSED] - out.println("var_merchant_token" + var_merchant_token): null&#xD;
&#xD;
2019-11-20 09:22:10 - [TEST_STEP][PASSED] - out.println("var_partner_token" + var_partner_token): null&#xD;
&#xD;
2019-11-20 09:22:10 - [TEST_STEP][PASSED] - encipheredData = SecureUtils.encryptAesEwallet(plain, var_aes_key): null&#xD;
&#xD;
2019-11-20 09:22:10 - [TEST_STEP][PASSED] - body = "{"organisation_id":"" + var_organisation_id + ""," + ""data":"" + encipheredData + ""," + ""lang":"" + var_lang + ""}": null&#xD;
&#xD;
2019-11-20 09:22:10 - [TEST_STEP][PASSED] - out.println(body): null&#xD;
&#xD;
2019-11-20 09:22:10 - [TEST_STEP][PASSED] - request = findTestObject("Dashboard_App/obj_getSalesList"): null&#xD;
&#xD;
2019-11-20 09:22:10 - [TEST_STEP][PASSED] - println(hostname): null&#xD;
&#xD;
2019-11-20 09:22:10 - [TEST_STEP][PASSED] - println(access_token_merchant): null&#xD;
&#xD;
2019-11-20 09:22:10 - [TEST_STEP][PASSED] - println(request.getRestUrl()): null&#xD;
&#xD;
2019-11-20 09:22:10 - [TEST_STEP][PASSED] - request.setBodyContent(new com.kms.katalon.core.testobject.impl.HttpTextBodyContent(body, UTF-8, application/json)): null&#xD;
&#xD;
2019-11-20 09:22:10 - [TEST_STEP][PASSED] - if (var_merchant_token == 0): null&#xD;
&#xD;
2019-11-20 09:22:10 - [TEST_STEP][PASSED] - else: null&#xD;
&#xD;
2019-11-20 09:22:10 - [TEST_STEP][PASSED] - out.println("using access_token = " + access_token_merchant): null&#xD;
&#xD;
2019-11-20 09:22:10 - [TEST_STEP][PASSED] - listQuery = new java.util.ArrayList(): null&#xD;
&#xD;
2019-11-20 09:22:10 - [TEST_STEP][PASSED] - listQuery.add(new com.kms.katalon.core.testobject.TestObjectProperty(token, com.kms.katalon.core.testobject.ConditionType.EQUALS, internal.GlobalVariable.access_token_merchant)): null&#xD;
&#xD;
2019-11-20 09:22:10 - [TEST_STEP][PASSED] - request.setRestParameters(listQuery): null&#xD;
&#xD;
2019-11-20 09:22:10 - [TEST_STEP][PASSED] - response = sendRequest(request): Send request successfully&#xD;
&#xD;
2019-11-20 09:22:10 - [MESSAGE][INFO] - HAR: D:\katalon-ewallet\Reports\Dashboard_App\TS_getSalesList\TS_getSalesList\20191120_092200\requests\main\10.har&#xD;
&#xD;
2019-11-20 09:22:10 - [MESSAGE][PASSED] - Send request successfully&#xD;
&#xD;
2019-11-20 09:22:10 - [TEST_STEP][PASSED] - body_content = responseBodyContent: null&#xD;
&#xD;
2019-11-20 09:22:10 - [TEST_STEP][PASSED] - status_code = statusCode: null&#xD;
&#xD;
2019-11-20 09:22:10 - [TEST_STEP][PASSED] - respDataMap = JsonSlurper().parseText(body_content): null&#xD;
&#xD;
2019-11-20 09:22:10 - [TEST_STEP][PASSED] - out.println(respDataMap): null&#xD;
&#xD;
2019-11-20 09:22:10 - [TEST_STEP][PASSED] - println(body_content): null&#xD;
&#xD;
2019-11-20 09:22:10 - [TEST_STEP][PASSED] - rc_ref = ReturnCodeWrapper(var_expected_rc).getEnumRC(): null&#xD;
&#xD;
2019-11-20 09:22:10 - [TEST_STEP][PASSED] - out.println(var_expected_rc): null&#xD;
&#xD;
2019-11-20 09:22:10 - [TEST_STEP][PASSED] - out.println(rc_ref.getRCName()): null&#xD;
&#xD;
2019-11-20 09:22:10 - [TEST_STEP][PASSED] - out.println(rc_ref.getHttpResponse()): null&#xD;
&#xD;
2019-11-20 09:22:10 - [TEST_STEP][PASSED] - result = verifyEqual(response_code, rc_ref.getRCName()): Actual object 'RC00' and expected object 'RC00' are equal&#xD;
&#xD;
2019-11-20 09:22:10 - [MESSAGE][PASSED] - Actual object 'RC00' and expected object 'RC00' are equal&#xD;
&#xD;
2019-11-20 09:22:10 - [TEST_STEP][PASSED] - if (result == false): null&#xD;
&#xD;
2019-11-20 09:22:10 - [TEST_STEP][PASSED] - else: null&#xD;
&#xD;
2019-11-20 09:22:10 - [TEST_STEP][PASSED] - verifyEqual(statusCode, rc_ref.getHttpResponse()): Actual object '200' and expected object '200' are equal&#xD;
&#xD;
2019-11-20 09:22:10 - [MESSAGE][PASSED] - Actual object '200' and expected object '200' are equal&#xD;
&#xD;
2019-11-20 09:22:10 - [TEST_STEP][PASSED] - if (rc_ref == RC00): null&#xD;
&#xD;
2019-11-20 09:22:10 - [TEST_STEP][PASSED] - decipheredResponseData = SecureUtils.decryptAesEwallet(data, var_aes_key): null&#xD;
&#xD;
2019-11-20 09:22:10 - [TEST_STEP][PASSED] - decipheredRespDataMap = JsonSlurper().parseText(decipheredResponseData): null&#xD;
&#xD;
2019-11-20 09:22:10 - [TEST_STEP][PASSED] - out.println(decipheredRespDataMap): null&#xD;
&#xD;
2019-11-20 09:22:10 - [TEST_STEP][PASSED] - dechiperedResponse = new java.lang.String(decipheredResponseData): null&#xD;
&#xD;
2019-11-20 09:22:10 - [TEST_STEP][PASSED] - println(dechiperedResponse): null</system-out>
            <system-err></system-err>
        </testcase>
        <testcase name="Test Cases/Dashboard_App/TC_getSalesList/TSC_getSalesList" classname="Test Cases/Dashboard_App/TC_getSalesList/TSC_getSalesList" status="PASSED">
            <system-out>2019-11-20 09:22:10 - [TEST_CASE][PASSED] - Test Cases/Dashboard_App/TC_getSalesList/TSC_getSalesList: Test Cases/Dashboard_App/TC_getSalesList/TSC_getSalesList&#xD;
&#xD;
2019-11-20 09:22:10 - [TEST_STEP][PASSED] - plain = "{"user_agent": "" + var_user_agent + "","data_rules": {"search": {"sales_id": "" + var_sales_id + "","employee_name": "" + var_employee_name + ""}}}": null&#xD;
&#xD;
2019-11-20 09:22:10 - [TEST_STEP][PASSED] - page_number = var_page_number: null&#xD;
&#xD;
2019-11-20 09:22:10 - [TEST_STEP][PASSED] - page_size = var_page_size: null&#xD;
&#xD;
2019-11-20 09:22:10 - [TEST_STEP][PASSED] - partner_token = partner_token: null&#xD;
&#xD;
2019-11-20 09:22:10 - [TEST_STEP][PASSED] - out.println(plain): null&#xD;
&#xD;
2019-11-20 09:22:10 - [TEST_STEP][PASSED] - out.println("var_merchant_token" + var_merchant_token): null&#xD;
&#xD;
2019-11-20 09:22:10 - [TEST_STEP][PASSED] - out.println("var_partner_token" + var_partner_token): null&#xD;
&#xD;
2019-11-20 09:22:10 - [TEST_STEP][PASSED] - encipheredData = SecureUtils.encryptAesEwallet(plain, var_aes_key): null&#xD;
&#xD;
2019-11-20 09:22:10 - [TEST_STEP][PASSED] - body = "{"organisation_id":"" + var_organisation_id + ""," + ""data":"" + encipheredData + ""," + ""lang":"" + var_lang + ""}": null&#xD;
&#xD;
2019-11-20 09:22:10 - [TEST_STEP][PASSED] - out.println(body): null&#xD;
&#xD;
2019-11-20 09:22:10 - [TEST_STEP][PASSED] - request = findTestObject("Dashboard_App/obj_getSalesList"): null&#xD;
&#xD;
2019-11-20 09:22:10 - [TEST_STEP][PASSED] - println(hostname): null&#xD;
&#xD;
2019-11-20 09:22:10 - [TEST_STEP][PASSED] - println(access_token_merchant): null&#xD;
&#xD;
2019-11-20 09:22:10 - [TEST_STEP][PASSED] - println(request.getRestUrl()): null&#xD;
&#xD;
2019-11-20 09:22:10 - [TEST_STEP][PASSED] - request.setBodyContent(new com.kms.katalon.core.testobject.impl.HttpTextBodyContent(body, UTF-8, application/json)): null&#xD;
&#xD;
2019-11-20 09:22:10 - [TEST_STEP][PASSED] - if (var_merchant_token == 0): null&#xD;
&#xD;
2019-11-20 09:22:10 - [TEST_STEP][PASSED] - else: null&#xD;
&#xD;
2019-11-20 09:22:10 - [TEST_STEP][PASSED] - out.println("using access_token = " + access_token_merchant): null&#xD;
&#xD;
2019-11-20 09:22:10 - [TEST_STEP][PASSED] - listQuery = new java.util.ArrayList(): null&#xD;
&#xD;
2019-11-20 09:22:10 - [TEST_STEP][PASSED] - listQuery.add(new com.kms.katalon.core.testobject.TestObjectProperty(token, com.kms.katalon.core.testobject.ConditionType.EQUALS, internal.GlobalVariable.access_token_merchant)): null&#xD;
&#xD;
2019-11-20 09:22:10 - [TEST_STEP][PASSED] - request.setRestParameters(listQuery): null&#xD;
&#xD;
2019-11-20 09:22:10 - [TEST_STEP][PASSED] - response = sendRequest(request): Send request successfully&#xD;
&#xD;
2019-11-20 09:22:10 - [MESSAGE][INFO] - HAR: D:\katalon-ewallet\Reports\Dashboard_App\TS_getSalesList\TS_getSalesList\20191120_092200\requests\main\11.har&#xD;
&#xD;
2019-11-20 09:22:10 - [MESSAGE][PASSED] - Send request successfully&#xD;
&#xD;
2019-11-20 09:22:10 - [TEST_STEP][PASSED] - body_content = responseBodyContent: null&#xD;
&#xD;
2019-11-20 09:22:10 - [TEST_STEP][PASSED] - status_code = statusCode: null&#xD;
&#xD;
2019-11-20 09:22:10 - [TEST_STEP][PASSED] - respDataMap = JsonSlurper().parseText(body_content): null&#xD;
&#xD;
2019-11-20 09:22:10 - [TEST_STEP][PASSED] - out.println(respDataMap): null&#xD;
&#xD;
2019-11-20 09:22:10 - [TEST_STEP][PASSED] - println(body_content): null&#xD;
&#xD;
2019-11-20 09:22:10 - [TEST_STEP][PASSED] - rc_ref = ReturnCodeWrapper(var_expected_rc).getEnumRC(): null&#xD;
&#xD;
2019-11-20 09:22:10 - [TEST_STEP][PASSED] - out.println(var_expected_rc): null&#xD;
&#xD;
2019-11-20 09:22:10 - [TEST_STEP][PASSED] - out.println(rc_ref.getRCName()): null&#xD;
&#xD;
2019-11-20 09:22:10 - [TEST_STEP][PASSED] - out.println(rc_ref.getHttpResponse()): null&#xD;
&#xD;
2019-11-20 09:22:10 - [TEST_STEP][PASSED] - result = verifyEqual(response_code, rc_ref.getRCName()): Actual object 'RC00' and expected object 'RC00' are equal&#xD;
&#xD;
2019-11-20 09:22:10 - [MESSAGE][PASSED] - Actual object 'RC00' and expected object 'RC00' are equal&#xD;
&#xD;
2019-11-20 09:22:10 - [TEST_STEP][PASSED] - if (result == false): null&#xD;
&#xD;
2019-11-20 09:22:10 - [TEST_STEP][PASSED] - else: null&#xD;
&#xD;
2019-11-20 09:22:10 - [TEST_STEP][PASSED] - verifyEqual(statusCode, rc_ref.getHttpResponse()): Actual object '200' and expected object '200' are equal&#xD;
&#xD;
2019-11-20 09:22:10 - [MESSAGE][PASSED] - Actual object '200' and expected object '200' are equal&#xD;
&#xD;
2019-11-20 09:22:10 - [TEST_STEP][PASSED] - if (rc_ref == RC00): null&#xD;
&#xD;
2019-11-20 09:22:10 - [TEST_STEP][PASSED] - decipheredResponseData = SecureUtils.decryptAesEwallet(data, var_aes_key): null&#xD;
&#xD;
2019-11-20 09:22:10 - [TEST_STEP][PASSED] - decipheredRespDataMap = JsonSlurper().parseText(decipheredResponseData): null&#xD;
&#xD;
2019-11-20 09:22:10 - [TEST_STEP][PASSED] - out.println(decipheredRespDataMap): null&#xD;
&#xD;
2019-11-20 09:22:10 - [TEST_STEP][PASSED] - dechiperedResponse = new java.lang.String(decipheredResponseData): null&#xD;
&#xD;
2019-11-20 09:22:10 - [TEST_STEP][PASSED] - println(dechiperedResponse): null</system-out>
            <system-err></system-err>
        </testcase>
        <testcase name="Test Cases/Dashboard_App/TC_getSalesList/TSC_getSalesList" classname="Test Cases/Dashboard_App/TC_getSalesList/TSC_getSalesList" status="PASSED">
            <system-out>2019-11-20 09:22:10 - [TEST_CASE][PASSED] - Test Cases/Dashboard_App/TC_getSalesList/TSC_getSalesList: Test Cases/Dashboard_App/TC_getSalesList/TSC_getSalesList&#xD;
&#xD;
2019-11-20 09:22:11 - [TEST_STEP][PASSED] - plain = "{"user_agent": "" + var_user_agent + "","data_rules": {"search": {"sales_id": "" + var_sales_id + "","employee_name": "" + var_employee_name + ""}}}": null&#xD;
&#xD;
2019-11-20 09:22:11 - [TEST_STEP][PASSED] - page_number = var_page_number: null&#xD;
&#xD;
2019-11-20 09:22:11 - [TEST_STEP][PASSED] - page_size = var_page_size: null&#xD;
&#xD;
2019-11-20 09:22:11 - [TEST_STEP][PASSED] - partner_token = partner_token: null&#xD;
&#xD;
2019-11-20 09:22:11 - [TEST_STEP][PASSED] - out.println(plain): null&#xD;
&#xD;
2019-11-20 09:22:11 - [TEST_STEP][PASSED] - out.println("var_merchant_token" + var_merchant_token): null&#xD;
&#xD;
2019-11-20 09:22:11 - [TEST_STEP][PASSED] - out.println("var_partner_token" + var_partner_token): null&#xD;
&#xD;
2019-11-20 09:22:11 - [TEST_STEP][PASSED] - encipheredData = SecureUtils.encryptAesEwallet(plain, var_aes_key): null&#xD;
&#xD;
2019-11-20 09:22:11 - [TEST_STEP][PASSED] - body = "{"organisation_id":"" + var_organisation_id + ""," + ""data":"" + encipheredData + ""," + ""lang":"" + var_lang + ""}": null&#xD;
&#xD;
2019-11-20 09:22:11 - [TEST_STEP][PASSED] - out.println(body): null&#xD;
&#xD;
2019-11-20 09:22:11 - [TEST_STEP][PASSED] - request = findTestObject("Dashboard_App/obj_getSalesList"): null&#xD;
&#xD;
2019-11-20 09:22:11 - [TEST_STEP][PASSED] - println(hostname): null&#xD;
&#xD;
2019-11-20 09:22:11 - [TEST_STEP][PASSED] - println(access_token_merchant): null&#xD;
&#xD;
2019-11-20 09:22:11 - [TEST_STEP][PASSED] - println(request.getRestUrl()): null&#xD;
&#xD;
2019-11-20 09:22:11 - [TEST_STEP][PASSED] - request.setBodyContent(new com.kms.katalon.core.testobject.impl.HttpTextBodyContent(body, UTF-8, application/json)): null&#xD;
&#xD;
2019-11-20 09:22:11 - [TEST_STEP][PASSED] - if (var_merchant_token == 0): null&#xD;
&#xD;
2019-11-20 09:22:11 - [TEST_STEP][PASSED] - else: null&#xD;
&#xD;
2019-11-20 09:22:11 - [TEST_STEP][PASSED] - out.println("using access_token = " + access_token_merchant): null&#xD;
&#xD;
2019-11-20 09:22:11 - [TEST_STEP][PASSED] - listQuery = new java.util.ArrayList(): null&#xD;
&#xD;
2019-11-20 09:22:11 - [TEST_STEP][PASSED] - listQuery.add(new com.kms.katalon.core.testobject.TestObjectProperty(token, com.kms.katalon.core.testobject.ConditionType.EQUALS, internal.GlobalVariable.access_token_merchant)): null&#xD;
&#xD;
2019-11-20 09:22:11 - [TEST_STEP][PASSED] - request.setRestParameters(listQuery): null&#xD;
&#xD;
2019-11-20 09:22:11 - [TEST_STEP][PASSED] - response = sendRequest(request): Send request successfully&#xD;
&#xD;
2019-11-20 09:22:11 - [MESSAGE][INFO] - HAR: D:\katalon-ewallet\Reports\Dashboard_App\TS_getSalesList\TS_getSalesList\20191120_092200\requests\main\12.har&#xD;
&#xD;
2019-11-20 09:22:11 - [MESSAGE][PASSED] - Send request successfully&#xD;
&#xD;
2019-11-20 09:22:11 - [TEST_STEP][PASSED] - body_content = responseBodyContent: null&#xD;
&#xD;
2019-11-20 09:22:11 - [TEST_STEP][PASSED] - status_code = statusCode: null&#xD;
&#xD;
2019-11-20 09:22:11 - [TEST_STEP][PASSED] - respDataMap = JsonSlurper().parseText(body_content): null&#xD;
&#xD;
2019-11-20 09:22:11 - [TEST_STEP][PASSED] - out.println(respDataMap): null&#xD;
&#xD;
2019-11-20 09:22:11 - [TEST_STEP][PASSED] - println(body_content): null&#xD;
&#xD;
2019-11-20 09:22:11 - [TEST_STEP][PASSED] - rc_ref = ReturnCodeWrapper(var_expected_rc).getEnumRC(): null&#xD;
&#xD;
2019-11-20 09:22:11 - [TEST_STEP][PASSED] - out.println(var_expected_rc): null&#xD;
&#xD;
2019-11-20 09:22:11 - [TEST_STEP][PASSED] - out.println(rc_ref.getRCName()): null&#xD;
&#xD;
2019-11-20 09:22:11 - [TEST_STEP][PASSED] - out.println(rc_ref.getHttpResponse()): null&#xD;
&#xD;
2019-11-20 09:22:11 - [TEST_STEP][PASSED] - result = verifyEqual(response_code, rc_ref.getRCName()): Actual object 'RC00' and expected object 'RC00' are equal&#xD;
&#xD;
2019-11-20 09:22:11 - [MESSAGE][PASSED] - Actual object 'RC00' and expected object 'RC00' are equal&#xD;
&#xD;
2019-11-20 09:22:11 - [TEST_STEP][PASSED] - if (result == false): null&#xD;
&#xD;
2019-11-20 09:22:11 - [TEST_STEP][PASSED] - else: null&#xD;
&#xD;
2019-11-20 09:22:11 - [TEST_STEP][PASSED] - verifyEqual(statusCode, rc_ref.getHttpResponse()): Actual object '200' and expected object '200' are equal&#xD;
&#xD;
2019-11-20 09:22:11 - [MESSAGE][PASSED] - Actual object '200' and expected object '200' are equal&#xD;
&#xD;
2019-11-20 09:22:11 - [TEST_STEP][PASSED] - if (rc_ref == RC00): null&#xD;
&#xD;
2019-11-20 09:22:11 - [TEST_STEP][PASSED] - decipheredResponseData = SecureUtils.decryptAesEwallet(data, var_aes_key): null&#xD;
&#xD;
2019-11-20 09:22:11 - [TEST_STEP][PASSED] - decipheredRespDataMap = JsonSlurper().parseText(decipheredResponseData): null&#xD;
&#xD;
2019-11-20 09:22:11 - [TEST_STEP][PASSED] - out.println(decipheredRespDataMap): null&#xD;
&#xD;
2019-11-20 09:22:11 - [TEST_STEP][PASSED] - dechiperedResponse = new java.lang.String(decipheredResponseData): null&#xD;
&#xD;
2019-11-20 09:22:11 - [TEST_STEP][PASSED] - println(dechiperedResponse): null</system-out>
            <system-err></system-err>
        </testcase>
        <testcase name="Test Cases/Dashboard_App/TC_getSalesList/TSC_getSalesList" classname="Test Cases/Dashboard_App/TC_getSalesList/TSC_getSalesList" status="PASSED">
            <system-out>2019-11-20 09:22:11 - [TEST_CASE][PASSED] - Test Cases/Dashboard_App/TC_getSalesList/TSC_getSalesList: Test Cases/Dashboard_App/TC_getSalesList/TSC_getSalesList&#xD;
&#xD;
2019-11-20 09:22:11 - [TEST_STEP][PASSED] - plain = "{"user_agent": "" + var_user_agent + "","data_rules": {"search": {"sales_id": "" + var_sales_id + "","employee_name": "" + var_employee_name + ""}}}": null&#xD;
&#xD;
2019-11-20 09:22:11 - [TEST_STEP][PASSED] - page_number = var_page_number: null&#xD;
&#xD;
2019-11-20 09:22:11 - [TEST_STEP][PASSED] - page_size = var_page_size: null&#xD;
&#xD;
2019-11-20 09:22:11 - [TEST_STEP][PASSED] - partner_token = partner_token: null&#xD;
&#xD;
2019-11-20 09:22:11 - [TEST_STEP][PASSED] - out.println(plain): null&#xD;
&#xD;
2019-11-20 09:22:11 - [TEST_STEP][PASSED] - out.println("var_merchant_token" + var_merchant_token): null&#xD;
&#xD;
2019-11-20 09:22:11 - [TEST_STEP][PASSED] - out.println("var_partner_token" + var_partner_token): null&#xD;
&#xD;
2019-11-20 09:22:11 - [TEST_STEP][PASSED] - encipheredData = SecureUtils.encryptAesEwallet(plain, var_aes_key): null&#xD;
&#xD;
2019-11-20 09:22:11 - [TEST_STEP][PASSED] - body = "{"organisation_id":"" + var_organisation_id + ""," + ""data":"" + encipheredData + ""," + ""lang":"" + var_lang + ""}": null&#xD;
&#xD;
2019-11-20 09:22:11 - [TEST_STEP][PASSED] - out.println(body): null&#xD;
&#xD;
2019-11-20 09:22:11 - [TEST_STEP][PASSED] - request = findTestObject("Dashboard_App/obj_getSalesList"): null&#xD;
&#xD;
2019-11-20 09:22:11 - [TEST_STEP][PASSED] - println(hostname): null&#xD;
&#xD;
2019-11-20 09:22:11 - [TEST_STEP][PASSED] - println(access_token_merchant): null&#xD;
&#xD;
2019-11-20 09:22:11 - [TEST_STEP][PASSED] - println(request.getRestUrl()): null&#xD;
&#xD;
2019-11-20 09:22:11 - [TEST_STEP][PASSED] - request.setBodyContent(new com.kms.katalon.core.testobject.impl.HttpTextBodyContent(body, UTF-8, application/json)): null&#xD;
&#xD;
2019-11-20 09:22:11 - [TEST_STEP][PASSED] - if (var_merchant_token == 0): null&#xD;
&#xD;
2019-11-20 09:22:11 - [TEST_STEP][PASSED] - else: null&#xD;
&#xD;
2019-11-20 09:22:11 - [TEST_STEP][PASSED] - out.println("using access_token = " + access_token_merchant): null&#xD;
&#xD;
2019-11-20 09:22:11 - [TEST_STEP][PASSED] - listQuery = new java.util.ArrayList(): null&#xD;
&#xD;
2019-11-20 09:22:11 - [TEST_STEP][PASSED] - listQuery.add(new com.kms.katalon.core.testobject.TestObjectProperty(token, com.kms.katalon.core.testobject.ConditionType.EQUALS, internal.GlobalVariable.access_token_merchant)): null&#xD;
&#xD;
2019-11-20 09:22:11 - [TEST_STEP][PASSED] - request.setRestParameters(listQuery): null&#xD;
&#xD;
2019-11-20 09:22:11 - [TEST_STEP][PASSED] - response = sendRequest(request): Send request successfully&#xD;
&#xD;
2019-11-20 09:22:11 - [MESSAGE][INFO] - HAR: D:\katalon-ewallet\Reports\Dashboard_App\TS_getSalesList\TS_getSalesList\20191120_092200\requests\main\13.har&#xD;
&#xD;
2019-11-20 09:22:11 - [MESSAGE][PASSED] - Send request successfully&#xD;
&#xD;
2019-11-20 09:22:11 - [TEST_STEP][PASSED] - body_content = responseBodyContent: null&#xD;
&#xD;
2019-11-20 09:22:11 - [TEST_STEP][PASSED] - status_code = statusCode: null&#xD;
&#xD;
2019-11-20 09:22:11 - [TEST_STEP][PASSED] - respDataMap = JsonSlurper().parseText(body_content): null&#xD;
&#xD;
2019-11-20 09:22:11 - [TEST_STEP][PASSED] - out.println(respDataMap): null&#xD;
&#xD;
2019-11-20 09:22:11 - [TEST_STEP][PASSED] - println(body_content): null&#xD;
&#xD;
2019-11-20 09:22:11 - [TEST_STEP][PASSED] - rc_ref = ReturnCodeWrapper(var_expected_rc).getEnumRC(): null&#xD;
&#xD;
2019-11-20 09:22:11 - [TEST_STEP][PASSED] - out.println(var_expected_rc): null&#xD;
&#xD;
2019-11-20 09:22:11 - [TEST_STEP][PASSED] - out.println(rc_ref.getRCName()): null&#xD;
&#xD;
2019-11-20 09:22:11 - [TEST_STEP][PASSED] - out.println(rc_ref.getHttpResponse()): null&#xD;
&#xD;
2019-11-20 09:22:11 - [TEST_STEP][PASSED] - result = verifyEqual(response_code, rc_ref.getRCName()): Actual object 'RC00' and expected object 'RC00' are equal&#xD;
&#xD;
2019-11-20 09:22:11 - [MESSAGE][PASSED] - Actual object 'RC00' and expected object 'RC00' are equal&#xD;
&#xD;
2019-11-20 09:22:11 - [TEST_STEP][PASSED] - if (result == false): null&#xD;
&#xD;
2019-11-20 09:22:11 - [TEST_STEP][PASSED] - else: null&#xD;
&#xD;
2019-11-20 09:22:11 - [TEST_STEP][PASSED] - verifyEqual(statusCode, rc_ref.getHttpResponse()): Actual object '200' and expected object '200' are equal&#xD;
&#xD;
2019-11-20 09:22:11 - [MESSAGE][PASSED] - Actual object '200' and expected object '200' are equal&#xD;
&#xD;
2019-11-20 09:22:11 - [TEST_STEP][PASSED] - if (rc_ref == RC00): null&#xD;
&#xD;
2019-11-20 09:22:11 - [TEST_STEP][PASSED] - decipheredResponseData = SecureUtils.decryptAesEwallet(data, var_aes_key): null&#xD;
&#xD;
2019-11-20 09:22:11 - [TEST_STEP][PASSED] - decipheredRespDataMap = JsonSlurper().parseText(decipheredResponseData): null&#xD;
&#xD;
2019-11-20 09:22:11 - [TEST_STEP][PASSED] - out.println(decipheredRespDataMap): null&#xD;
&#xD;
2019-11-20 09:22:11 - [TEST_STEP][PASSED] - dechiperedResponse = new java.lang.String(decipheredResponseData): null&#xD;
&#xD;
2019-11-20 09:22:11 - [TEST_STEP][PASSED] - println(dechiperedResponse): null</system-out>
            <system-err></system-err>
        </testcase>
        <testcase name="Test Cases/Dashboard_App/TC_getSalesList/TSC_getSalesList" classname="Test Cases/Dashboard_App/TC_getSalesList/TSC_getSalesList" status="PASSED">
            <system-out>2019-11-20 09:22:11 - [TEST_CASE][PASSED] - Test Cases/Dashboard_App/TC_getSalesList/TSC_getSalesList: Test Cases/Dashboard_App/TC_getSalesList/TSC_getSalesList&#xD;
&#xD;
2019-11-20 09:22:11 - [TEST_STEP][PASSED] - plain = "{"user_agent": "" + var_user_agent + "","data_rules": {"search": {"sales_id": "" + var_sales_id + "","employee_name": "" + var_employee_name + ""}}}": null&#xD;
&#xD;
2019-11-20 09:22:11 - [TEST_STEP][PASSED] - page_number = var_page_number: null&#xD;
&#xD;
2019-11-20 09:22:11 - [TEST_STEP][PASSED] - page_size = var_page_size: null&#xD;
&#xD;
2019-11-20 09:22:11 - [TEST_STEP][PASSED] - partner_token = partner_token: null&#xD;
&#xD;
2019-11-20 09:22:11 - [TEST_STEP][PASSED] - out.println(plain): null&#xD;
&#xD;
2019-11-20 09:22:11 - [TEST_STEP][PASSED] - out.println("var_merchant_token" + var_merchant_token): null&#xD;
&#xD;
2019-11-20 09:22:11 - [TEST_STEP][PASSED] - out.println("var_partner_token" + var_partner_token): null&#xD;
&#xD;
2019-11-20 09:22:11 - [TEST_STEP][PASSED] - encipheredData = SecureUtils.encryptAesEwallet(plain, var_aes_key): null&#xD;
&#xD;
2019-11-20 09:22:11 - [TEST_STEP][PASSED] - body = "{"organisation_id":"" + var_organisation_id + ""," + ""data":"" + encipheredData + ""," + ""lang":"" + var_lang + ""}": null&#xD;
&#xD;
2019-11-20 09:22:11 - [TEST_STEP][PASSED] - out.println(body): null&#xD;
&#xD;
2019-11-20 09:22:11 - [TEST_STEP][PASSED] - request = findTestObject("Dashboard_App/obj_getSalesList"): null&#xD;
&#xD;
2019-11-20 09:22:11 - [TEST_STEP][PASSED] - println(hostname): null&#xD;
&#xD;
2019-11-20 09:22:11 - [TEST_STEP][PASSED] - println(access_token_merchant): null&#xD;
&#xD;
2019-11-20 09:22:11 - [TEST_STEP][PASSED] - println(request.getRestUrl()): null&#xD;
&#xD;
2019-11-20 09:22:11 - [TEST_STEP][PASSED] - request.setBodyContent(new com.kms.katalon.core.testobject.impl.HttpTextBodyContent(body, UTF-8, application/json)): null&#xD;
&#xD;
2019-11-20 09:22:11 - [TEST_STEP][PASSED] - if (var_merchant_token == 0): null&#xD;
&#xD;
2019-11-20 09:22:11 - [TEST_STEP][PASSED] - else: null&#xD;
&#xD;
2019-11-20 09:22:11 - [TEST_STEP][PASSED] - out.println("using access_token = " + access_token_merchant): null&#xD;
&#xD;
2019-11-20 09:22:11 - [TEST_STEP][PASSED] - listQuery = new java.util.ArrayList(): null&#xD;
&#xD;
2019-11-20 09:22:11 - [TEST_STEP][PASSED] - listQuery.add(new com.kms.katalon.core.testobject.TestObjectProperty(token, com.kms.katalon.core.testobject.ConditionType.EQUALS, internal.GlobalVariable.access_token_merchant)): null&#xD;
&#xD;
2019-11-20 09:22:11 - [TEST_STEP][PASSED] - request.setRestParameters(listQuery): null&#xD;
&#xD;
2019-11-20 09:22:11 - [TEST_STEP][PASSED] - response = sendRequest(request): Send request successfully&#xD;
&#xD;
2019-11-20 09:22:11 - [MESSAGE][INFO] - HAR: D:\katalon-ewallet\Reports\Dashboard_App\TS_getSalesList\TS_getSalesList\20191120_092200\requests\main\14.har&#xD;
&#xD;
2019-11-20 09:22:11 - [MESSAGE][PASSED] - Send request successfully&#xD;
&#xD;
2019-11-20 09:22:11 - [TEST_STEP][PASSED] - body_content = responseBodyContent: null&#xD;
&#xD;
2019-11-20 09:22:11 - [TEST_STEP][PASSED] - status_code = statusCode: null&#xD;
&#xD;
2019-11-20 09:22:11 - [TEST_STEP][PASSED] - respDataMap = JsonSlurper().parseText(body_content): null&#xD;
&#xD;
2019-11-20 09:22:11 - [TEST_STEP][PASSED] - out.println(respDataMap): null&#xD;
&#xD;
2019-11-20 09:22:11 - [TEST_STEP][PASSED] - println(body_content): null&#xD;
&#xD;
2019-11-20 09:22:11 - [TEST_STEP][PASSED] - rc_ref = ReturnCodeWrapper(var_expected_rc).getEnumRC(): null&#xD;
&#xD;
2019-11-20 09:22:11 - [TEST_STEP][PASSED] - out.println(var_expected_rc): null&#xD;
&#xD;
2019-11-20 09:22:11 - [TEST_STEP][PASSED] - out.println(rc_ref.getRCName()): null&#xD;
&#xD;
2019-11-20 09:22:11 - [TEST_STEP][PASSED] - out.println(rc_ref.getHttpResponse()): null&#xD;
&#xD;
2019-11-20 09:22:11 - [TEST_STEP][PASSED] - result = verifyEqual(response_code, rc_ref.getRCName()): Actual object 'RC00' and expected object 'RC00' are equal&#xD;
&#xD;
2019-11-20 09:22:11 - [MESSAGE][PASSED] - Actual object 'RC00' and expected object 'RC00' are equal&#xD;
&#xD;
2019-11-20 09:22:11 - [TEST_STEP][PASSED] - if (result == false): null&#xD;
&#xD;
2019-11-20 09:22:11 - [TEST_STEP][PASSED] - else: null&#xD;
&#xD;
[...]
&#xD;
2019-11-20 09:22:17 - [TEST_STEP][PASSED] - if (rc_ref == RC00): null</system-out>
            <system-err></system-err>
        </testcase>
        <testcase name="Test Cases/Dashboard_App/TC_getSalesList/TSC_getSalesList" classname="Test Cases/Dashboard_App/TC_getSalesList/TSC_getSalesList" status="PASSED">
            <system-out>2019-11-20 09:22:17 - [TEST_CASE][PASSED] - Test Cases/Dashboard_App/TC_getSalesList/TSC_getSalesList: Test Cases/Dashboard_App/TC_getSalesList/TSC_getSalesList&#xD;
&#xD;
2019-11-20 09:22:17 - [TEST_STEP][PASSED] - plain = "{"user_agent": "" + var_user_agent + "","data_rules": {"search": {"sales_id": "" + var_sales_id + "","employee_name": "" + var_employee_name + ""}}}": null&#xD;
&#xD;
2019-11-20 09:22:17 - [TEST_STEP][PASSED] - page_number = var_page_number: null&#xD;
&#xD;
2019-11-20 09:22:17 - [TEST_STEP][PASSED] - page_size = var_page_size: null&#xD;
&#xD;
2019-11-20 09:22:17 - [TEST_STEP][PASSED] - partner_token = partner_token: null&#xD;
&#xD;
2019-11-20 09:22:17 - [TEST_STEP][PASSED] - out.println(plain): null&#xD;
&#xD;
2019-11-20 09:22:17 - [TEST_STEP][PASSED] - out.println("var_merchant_token" + var_merchant_token): null&#xD;
&#xD;
2019-11-20 09:22:17 - [TEST_STEP][PASSED] - out.println("var_partner_token" + var_partner_token): null&#xD;
&#xD;
2019-11-20 09:22:17 - [TEST_STEP][PASSED] - encipheredData = SecureUtils.encryptAesEwallet(plain, var_aes_key): null&#xD;
&#xD;
2019-11-20 09:22:17 - [TEST_STEP][PASSED] - body = "{"organisation_id":"" + var_organisation_id + ""," + ""data":"" + encipheredData + ""," + ""lang":"" + var_lang + ""}": null&#xD;
&#xD;
2019-11-20 09:22:17 - [TEST_STEP][PASSED] - out.println(body): null&#xD;
&#xD;
2019-11-20 09:22:17 - [TEST_STEP][PASSED] - request = findTestObject("Dashboard_App/obj_getSalesList"): null&#xD;
&#xD;
2019-11-20 09:22:17 - [TEST_STEP][PASSED] - println(hostname): null&#xD;
&#xD;
2019-11-20 09:22:17 - [TEST_STEP][PASSED] - println(access_token_merchant): null&#xD;
&#xD;
2019-11-20 09:22:17 - [TEST_STEP][PASSED] - println(request.getRestUrl()): null&#xD;
&#xD;
2019-11-20 09:22:17 - [TEST_STEP][PASSED] - request.setBodyContent(new com.kms.katalon.core.testobject.impl.HttpTextBodyContent(body, UTF-8, application/json)): null&#xD;
&#xD;
2019-11-20 09:22:17 - [TEST_STEP][PASSED] - if (var_merchant_token == 0): null&#xD;
&#xD;
2019-11-20 09:22:17 - [TEST_STEP][PASSED] - else: null&#xD;
&#xD;
2019-11-20 09:22:17 - [TEST_STEP][PASSED] - out.println("using access_token = " + access_token_merchant): null&#xD;
&#xD;
2019-11-20 09:22:17 - [TEST_STEP][PASSED] - listQuery = new java.util.ArrayList(): null&#xD;
&#xD;
2019-11-20 09:22:17 - [TEST_STEP][PASSED] - listQuery.add(new com.kms.katalon.core.testobject.TestObjectProperty(token, com.kms.katalon.core.testobject.ConditionType.EQUALS, internal.GlobalVariable.access_token_merchant)): null&#xD;
&#xD;
2019-11-20 09:22:17 - [TEST_STEP][PASSED] - request.setRestParameters(listQuery): null&#xD;
&#xD;
2019-11-20 09:22:17 - [TEST_STEP][PASSED] - response = sendRequest(request): Send request successfully&#xD;
&#xD;
2019-11-20 09:22:17 - [MESSAGE][INFO] - HAR: D:\katalon-ewallet\Reports\Dashboard_App\TS_getSalesList\TS_getSalesList\20191120_092200\requests\main\40.har&#xD;
&#xD;
2019-11-20 09:22:17 - [MESSAGE][PASSED] - Send request successfully&#xD;
&#xD;
2019-11-20 09:22:17 - [TEST_STEP][PASSED] - body_content = responseBodyContent: null&#xD;
&#xD;
2019-11-20 09:22:17 - [TEST_STEP][PASSED] - status_code = statusCode: null&#xD;
&#xD;
2019-11-20 09:22:17 - [TEST_STEP][PASSED] - respDataMap = JsonSlurper().parseText(body_content): null&#xD;
&#xD;
2019-11-20 09:22:17 - [TEST_STEP][PASSED] - out.println(respDataMap): null&#xD;
&#xD;
2019-11-20 09:22:17 - [TEST_STEP][PASSED] - println(body_content): null&#xD;
&#xD;
2019-11-20 09:22:17 - [TEST_STEP][PASSED] - rc_ref = ReturnCodeWrapper(var_expected_rc).getEnumRC(): null&#xD;
&#xD;
2019-11-20 09:22:17 - [TEST_STEP][PASSED] - out.println(var_expected_rc): null&#xD;
&#xD;
2019-11-20 09:22:17 - [TEST_STEP][PASSED] - out.println(rc_ref.getRCName()): null&#xD;
&#xD;
2019-11-20 09:22:17 - [TEST_STEP][PASSED] - out.println(rc_ref.getHttpResponse()): null&#xD;
&#xD;
2019-11-20 09:22:17 - [TEST_STEP][PASSED] - result = verifyEqual(response_code, rc_ref.getRCName()): Actual object 'RC01' and expected object 'RC01' are equal&#xD;
&#xD;
2019-11-20 09:22:17 - [MESSAGE][PASSED] - Actual object 'RC01' and expected object 'RC01' are equal&#xD;
&#xD;
2019-11-20 09:22:17 - [TEST_STEP][PASSED] - if (result == false): null&#xD;
&#xD;
2019-11-20 09:22:17 - [TEST_STEP][PASSED] - else: null&#xD;
&#xD;
2019-11-20 09:22:17 - [TEST_STEP][PASSED] - verifyEqual(statusCode, rc_ref.getHttpResponse()): Actual object '400' and expected object '400' are equal&#xD;
&#xD;
2019-11-20 09:22:17 - [MESSAGE][PASSED] - Actual object '400' and expected object '400' are equal&#xD;
&#xD;
2019-11-20 09:22:17 - [TEST_STEP][PASSED] - if (rc_ref == RC00): null</system-out>
            <system-err></system-err>
        </testcase>
        <testcase name="Test Cases/Dashboard_App/TC_getSalesList/TSC_getSalesList" classname="Test Cases/Dashboard_App/TC_getSalesList/TSC_getSalesList" status="PASSED">
            <system-out>2019-11-20 09:22:17 - [TEST_CASE][PASSED] - Test Cases/Dashboard_App/TC_getSalesList/TSC_getSalesList: Test Cases/Dashboard_App/TC_getSalesList/TSC_getSalesList&#xD;
&#xD;
2019-11-20 09:22:17 - [TEST_STEP][PASSED] - plain = "{"user_agent": "" + var_user_agent + "","data_rules": {"search": {"sales_id": "" + var_sales_id + "","employee_name": "" + var_employee_name + ""}}}": null&#xD;
&#xD;
2019-11-20 09:22:17 - [TEST_STEP][PASSED] - page_number = var_page_number: null&#xD;
&#xD;
2019-11-20 09:22:17 - [TEST_STEP][PASSED] - page_size = var_page_size: null&#xD;
&#xD;
2019-11-20 09:22:17 - [TEST_STEP][PASSED] - partner_token = partner_token: null&#xD;
&#xD;
2019-11-20 09:22:17 - [TEST_STEP][PASSED] - out.println(plain): null&#xD;
&#xD;
2019-11-20 09:22:17 - [TEST_STEP][PASSED] - out.println("var_merchant_token" + var_merchant_token): null&#xD;
&#xD;
2019-11-20 09:22:17 - [TEST_STEP][PASSED] - out.println("var_partner_token" + var_partner_token): null&#xD;
&#xD;
2019-11-20 09:22:17 - [TEST_STEP][PASSED] - encipheredData = SecureUtils.encryptAesEwallet(plain, var_aes_key): null&#xD;
&#xD;
2019-11-20 09:22:17 - [TEST_STEP][PASSED] - body = "{"organisation_id":"" + var_organisation_id + ""," + ""data":"" + encipheredData + ""," + ""lang":"" + var_lang + ""}": null&#xD;
&#xD;
2019-11-20 09:22:17 - [TEST_STEP][PASSED] - out.println(body): null&#xD;
&#xD;
2019-11-20 09:22:17 - [TEST_STEP][PASSED] - request = findTestObject("Dashboard_App/obj_getSalesList"): null&#xD;
&#xD;
2019-11-20 09:22:17 - [TEST_STEP][PASSED] - println(hostname): null&#xD;
&#xD;
2019-11-20 09:22:17 - [TEST_STEP][PASSED] - println(access_token_merchant): null&#xD;
&#xD;
2019-11-20 09:22:17 - [TEST_STEP][PASSED] - println(request.getRestUrl()): null&#xD;
&#xD;
2019-11-20 09:22:17 - [TEST_STEP][PASSED] - request.setBodyContent(new com.kms.katalon.core.testobject.impl.HttpTextBodyContent(body, UTF-8, application/json)): null&#xD;
&#xD;
2019-11-20 09:22:17 - [TEST_STEP][PASSED] - if (var_merchant_token == 0): null&#xD;
&#xD;
2019-11-20 09:22:17 - [TEST_STEP][PASSED] - else: null&#xD;
&#xD;
2019-11-20 09:22:17 - [TEST_STEP][PASSED] - out.println("using access_token = " + access_token_merchant): null&#xD;
&#xD;
2019-11-20 09:22:17 - [TEST_STEP][PASSED] - listQuery = new java.util.ArrayList(): null&#xD;
&#xD;
2019-11-20 09:22:17 - [TEST_STEP][PASSED] - listQuery.add(new com.kms.katalon.core.testobject.TestObjectProperty(token, com.kms.katalon.core.testobject.ConditionType.EQUALS, internal.GlobalVariable.access_token_merchant)): null&#xD;
&#xD;
2019-11-20 09:22:17 - [TEST_STEP][PASSED] - request.setRestParameters(listQuery): null&#xD;
&#xD;
2019-11-20 09:22:17 - [TEST_STEP][PASSED] - response = sendRequest(request): Send request successfully&#xD;
&#xD;
2019-11-20 09:22:17 - [MESSAGE][INFO] - HAR: D:\katalon-ewallet\Reports\Dashboard_App\TS_getSalesList\TS_getSalesList\20191120_092200\requests\main\41.har&#xD;
&#xD;
2019-11-20 09:22:17 - [MESSAGE][PASSED] - Send request successfully&#xD;
&#xD;
2019-11-20 09:22:17 - [TEST_STEP][PASSED] - body_content = responseBodyContent: null&#xD;
&#xD;
2019-11-20 09:22:17 - [TEST_STEP][PASSED] - status_code = statusCode: null&#xD;
&#xD;
2019-11-20 09:22:17 - [TEST_STEP][PASSED] - respDataMap = JsonSlurper().parseText(body_content): null&#xD;
&#xD;
2019-11-20 09:22:17 - [TEST_STEP][PASSED] - out.println(respDataMap): null&#xD;
&#xD;
2019-11-20 09:22:17 - [TEST_STEP][PASSED] - println(body_content): null&#xD;
&#xD;
2019-11-20 09:22:17 - [TEST_STEP][PASSED] - rc_ref = ReturnCodeWrapper(var_expected_rc).getEnumRC(): null&#xD;
&#xD;
2019-11-20 09:22:17 - [TEST_STEP][PASSED] - out.println(var_expected_rc): null&#xD;
&#xD;
2019-11-20 09:22:17 - [TEST_STEP][PASSED] - out.println(rc_ref.getRCName()): null&#xD;
&#xD;
2019-11-20 09:22:17 - [TEST_STEP][PASSED] - out.println(rc_ref.getHttpResponse()): null&#xD;
&#xD;
2019-11-20 09:22:17 - [TEST_STEP][PASSED] - result = verifyEqual(response_code, rc_ref.getRCName()): Actual object 'RC09' and expected object 'RC09' are equal&#xD;
&#xD;
2019-11-20 09:22:17 - [MESSAGE][PASSED] - Actual object 'RC09' and expected object 'RC09' are equal&#xD;
&#xD;
2019-11-20 09:22:17 - [TEST_STEP][PASSED] - if (result == false): null&#xD;
&#xD;
2019-11-20 09:22:17 - [TEST_STEP][PASSED] - else: null&#xD;
&#xD;
2019-11-20 09:22:17 - [TEST_STEP][PASSED] - verifyEqual(statusCode, rc_ref.getHttpResponse()): Actual object '401' and expected object '401' are equal&#xD;
&#xD;
2019-11-20 09:22:17 - [MESSAGE][PASSED] - Actual object '401' and expected object '401' are equal&#xD;
&#xD;
2019-11-20 09:22:17 - [TEST_STEP][PASSED] - if (rc_ref == RC00): null</system-out>
            <system-err></system-err>
        </testcase>
        <testcase name="Test Cases/Dashboard_App/TC_getSalesList/TSC_getSalesList" classname="Test Cases/Dashboard_App/TC_getSalesList/TSC_getSalesList" status="PASSED">
            <system-out>2019-11-20 09:22:17 - [TEST_CASE][PASSED] - Test Cases/Dashboard_App/TC_getSalesList/TSC_getSalesList: Test Cases/Dashboard_App/TC_getSalesList/TSC_getSalesList&#xD;
&#xD;
2019-11-20 09:22:17 - [TEST_STEP][PASSED] - plain = "{"user_agent": "" + var_user_agent + "","data_rules": {"search": {"sales_id": "" + var_sales_id + "","employee_name": "" + var_employee_name + ""}}}": null&#xD;
&#xD;
2019-11-20 09:22:17 - [TEST_STEP][PASSED] - page_number = var_page_number: null&#xD;
&#xD;
2019-11-20 09:22:17 - [TEST_STEP][PASSED] - page_size = var_page_size: null&#xD;
&#xD;
2019-11-20 09:22:17 - [TEST_STEP][PASSED] - partner_token = partner_token: null&#xD;
&#xD;
2019-11-20 09:22:17 - [TEST_STEP][PASSED] - out.println(plain): null&#xD;
&#xD;
2019-11-20 09:22:17 - [TEST_STEP][PASSED] - out.println("var_merchant_token" + var_merchant_token): null&#xD;
&#xD;
2019-11-20 09:22:17 - [TEST_STEP][PASSED] - out.println("var_partner_token" + var_partner_token): null&#xD;
&#xD;
2019-11-20 09:22:17 - [TEST_STEP][PASSED] - encipheredData = SecureUtils.encryptAesEwallet(plain, var_aes_key): null&#xD;
&#xD;
2019-11-20 09:22:17 - [TEST_STEP][PASSED] - body = "{"organisation_id":"" + var_organisation_id + ""," + ""data":"" + encipheredData + ""," + ""lang":"" + var_lang + ""}": null&#xD;
&#xD;
2019-11-20 09:22:17 - [TEST_STEP][PASSED] - out.println(body): null&#xD;
&#xD;
2019-11-20 09:22:17 - [TEST_STEP][PASSED] - request = findTestObject("Dashboard_App/obj_getSalesList"): null&#xD;
&#xD;
2019-11-20 09:22:17 - [TEST_STEP][PASSED] - println(hostname): null&#xD;
&#xD;
2019-11-20 09:22:17 - [TEST_STEP][PASSED] - println(access_token_merchant): null&#xD;
&#xD;
2019-11-20 09:22:17 - [TEST_STEP][PASSED] - println(request.getRestUrl()): null&#xD;
&#xD;
2019-11-20 09:22:17 - [TEST_STEP][PASSED] - request.setBodyContent(new com.kms.katalon.core.testobject.impl.HttpTextBodyContent(body, UTF-8, application/json)): null&#xD;
&#xD;
2019-11-20 09:22:17 - [TEST_STEP][PASSED] - if (var_merchant_token == 0): null&#xD;
&#xD;
2019-11-20 09:22:17 - [TEST_STEP][PASSED] - else: null&#xD;
&#xD;
2019-11-20 09:22:17 - [TEST_STEP][PASSED] - out.println("using access_token = " + access_token_merchant): null&#xD;
&#xD;
2019-11-20 09:22:17 - [TEST_STEP][PASSED] - listQuery = new java.util.ArrayList(): null&#xD;
&#xD;
2019-11-20 09:22:17 - [TEST_STEP][PASSED] - listQuery.add(new com.kms.katalon.core.testobject.TestObjectProperty(token, com.kms.katalon.core.testobject.ConditionType.EQUALS, internal.GlobalVariable.access_token_merchant)): null&#xD;
&#xD;
2019-11-20 09:22:17 - [TEST_STEP][PASSED] - request.setRestParameters(listQuery): null&#xD;
&#xD;
2019-11-20 09:22:17 - [TEST_STEP][PASSED] - response = sendRequest(request): Send request successfully&#xD;
&#xD;
2019-11-20 09:22:18 - [MESSAGE][INFO] - HAR: D:\katalon-ewallet\Reports\Dashboard_App\TS_getSalesList\TS_getSalesList\20191120_092200\requests\main\42.har&#xD;
&#xD;
2019-11-20 09:22:18 - [MESSAGE][PASSED] - Send request successfully&#xD;
&#xD;
2019-11-20 09:22:18 - [TEST_STEP][PASSED] - body_content = responseBodyContent: null&#xD;
&#xD;
2019-11-20 09:22:18 - [TEST_STEP][PASSED] - status_code = statusCode: null&#xD;
&#xD;
2019-11-20 09:22:18 - [TEST_STEP][PASSED] - respDataMap = JsonSlurper().parseText(body_content): null&#xD;
&#xD;
2019-11-20 09:22:18 - [TEST_STEP][PASSED] - out.println(respDataMap): null&#xD;
&#xD;
2019-11-20 09:22:18 - [TEST_STEP][PASSED] - println(body_content): null&#xD;
&#xD;
2019-11-20 09:22:18 - [TEST_STEP][PASSED] - rc_ref = ReturnCodeWrapper(var_expected_rc).getEnumRC(): null&#xD;
&#xD;
2019-11-20 09:22:18 - [TEST_STEP][PASSED] - out.println(var_expected_rc): null&#xD;
&#xD;
2019-11-20 09:22:18 - [TEST_STEP][PASSED] - out.println(rc_ref.getRCName()): null&#xD;
&#xD;
2019-11-20 09:22:18 - [TEST_STEP][PASSED] - out.println(rc_ref.getHttpResponse()): null&#xD;
&#xD;
2019-11-20 09:22:18 - [TEST_STEP][PASSED] - result = verifyEqual(response_code, rc_ref.getRCName()): Actual object 'RC09' and expected object 'RC09' are equal&#xD;
&#xD;
2019-11-20 09:22:18 - [MESSAGE][PASSED] - Actual object 'RC09' and expected object 'RC09' are equal&#xD;
&#xD;
2019-11-20 09:22:18 - [TEST_STEP][PASSED] - if (result == false): null&#xD;
&#xD;
2019-11-20 09:22:18 - [TEST_STEP][PASSED] - else: null&#xD;
&#xD;
2019-11-20 09:22:18 - [TEST_STEP][PASSED] - verifyEqual(statusCode, rc_ref.getHttpResponse()): Actual object '401' and expected object '401' are equal&#xD;
&#xD;
2019-11-20 09:22:18 - [MESSAGE][PASSED] - Actual object '401' and expected object '401' are equal&#xD;
&#xD;
2019-11-20 09:22:18 - [TEST_STEP][PASSED] - if (rc_ref == RC00): null</system-out>
            <system-err></system-err>
        </testcase>
        <testcase name="Test Cases/Dashboard_App/TC_getSalesList/TSC_getSalesList" classname="Test Cases/Dashboard_App/TC_getSalesList/TSC_getSalesList" status="PASSED">
            <system-out>2019-11-20 09:22:18 - [TEST_CASE][PASSED] - Test Cases/Dashboard_App/TC_getSalesList/TSC_getSalesList: Test Cases/Dashboard_App/TC_getSalesList/TSC_getSalesList&#xD;
&#xD;
2019-11-20 09:22:18 - [TEST_STEP][PASSED] - plain = "{"user_agent": "" + var_user_agent + "","data_rules": {"search": {"sales_id": "" + var_sales_id + "","employee_name": "" + var_employee_name + ""}}}": null&#xD;
&#xD;
2019-11-20 09:22:18 - [TEST_STEP][PASSED] - page_number = var_page_number: null&#xD;
&#xD;
2019-11-20 09:22:18 - [TEST_STEP][PASSED] - page_size = var_page_size: null&#xD;
&#xD;
2019-11-20 09:22:18 - [TEST_STEP][PASSED] - partner_token = partner_token: null&#xD;
&#xD;
2019-11-20 09:22:18 - [TEST_STEP][PASSED] - out.println(plain): null&#xD;
&#xD;
2019-11-20 09:22:18 - [TEST_STEP][PASSED] - out.println("var_merchant_token" + var_merchant_token): null&#xD;
&#xD;
2019-11-20 09:22:18 - [TEST_STEP][PASSED] - out.println("var_partner_token" + var_partner_token): null&#xD;
&#xD;
2019-11-20 09:22:18 - [TEST_STEP][PASSED] - encipheredData = SecureUtils.encryptAesEwallet(plain, var_aes_key): null&#xD;
&#xD;
2019-11-20 09:22:18 - [TEST_STEP][PASSED] - body = "{"organisation_id":"" + var_organisation_id + ""," + ""data":"" + encipheredData + ""," + ""lang":"" + var_lang + ""}": null&#xD;
&#xD;
2019-11-20 09:22:18 - [TEST_STEP][PASSED] - out.println(body): null&#xD;
&#xD;
2019-11-20 09:22:18 - [TEST_STEP][PASSED] - request = findTestObject("Dashboard_App/obj_getSalesList"): null&#xD;
&#xD;
2019-11-20 09:22:18 - [TEST_STEP][PASSED] - println(hostname): null&#xD;
&#xD;
2019-11-20 09:22:18 - [TEST_STEP][PASSED] - println(access_token_merchant): null&#xD;
&#xD;
2019-11-20 09:22:18 - [TEST_STEP][PASSED] - println(request.getRestUrl()): null&#xD;
&#xD;
2019-11-20 09:22:18 - [TEST_STEP][PASSED] - request.setBodyContent(new com.kms.katalon.core.testobject.impl.HttpTextBodyContent(body, UTF-8, application/json)): null&#xD;
&#xD;
2019-11-20 09:22:18 - [TEST_STEP][PASSED] - if (var_merchant_token == 0): null&#xD;
&#xD;
2019-11-20 09:22:18 - [TEST_STEP][PASSED] - else: null&#xD;
&#xD;
2019-11-20 09:22:18 - [TEST_STEP][PASSED] - out.println("using access_token = " + access_token_merchant): null&#xD;
&#xD;
2019-11-20 09:22:18 - [TEST_STEP][PASSED] - listQuery = new java.util.ArrayList(): null&#xD;
&#xD;
2019-11-20 09:22:18 - [TEST_STEP][PASSED] - listQuery.add(new com.kms.katalon.core.testobject.TestObjectProperty(token, com.kms.katalon.core.testobject.ConditionType.EQUALS, internal.GlobalVariable.access_token_merchant)): null&#xD;
&#xD;
2019-11-20 09:22:18 - [TEST_STEP][PASSED] - request.setRestParameters(listQuery): null&#xD;
&#xD;
2019-11-20 09:22:18 - [TEST_STEP][PASSED] - response = sendRequest(request): Send request successfully&#xD;
&#xD;
2019-11-20 09:22:18 - [MESSAGE][INFO] - HAR: D:\katalon-ewallet\Reports\Dashboard_App\TS_getSalesList\TS_getSalesList\20191120_092200\requests\main\43.har&#xD;
&#xD;
2019-11-20 09:22:18 - [MESSAGE][PASSED] - Send request successfully&#xD;
&#xD;
2019-11-20 09:22:18 - [TEST_STEP][PASSED] - body_content = responseBodyContent: null&#xD;
&#xD;
2019-11-20 09:22:18 - [TEST_STEP][PASSED] - status_code = statusCode: null&#xD;
&#xD;
2019-11-20 09:22:18 - [TEST_STEP][PASSED] - respDataMap = JsonSlurper().parseText(body_content): null&#xD;
&#xD;
2019-11-20 09:22:18 - [TEST_STEP][PASSED] - out.println(respDataMap): null&#xD;
&#xD;
2019-11-20 09:22:18 - [TEST_STEP][PASSED] - println(body_content): null&#xD;
&#xD;
2019-11-20 09:22:18 - [TEST_STEP][PASSED] - rc_ref = ReturnCodeWrapper(var_expected_rc).getEnumRC(): null&#xD;
&#xD;
2019-11-20 09:22:18 - [TEST_STEP][PASSED] - out.println(var_expected_rc): null&#xD;
&#xD;
2019-11-20 09:22:18 - [TEST_STEP][PASSED] - out.println(rc_ref.getRCName()): null&#xD;
&#xD;
2019-11-20 09:22:18 - [TEST_STEP][PASSED] - out.println(rc_ref.getHttpResponse()): null&#xD;
&#xD;
2019-11-20 09:22:18 - [TEST_STEP][PASSED] - result = verifyEqual(response_code, rc_ref.getRCName()): Actual object 'RC09' and expected object 'RC09' are equal&#xD;
&#xD;
2019-11-20 09:22:18 - [MESSAGE][PASSED] - Actual object 'RC09' and expected object 'RC09' are equal&#xD;
&#xD;
2019-11-20 09:22:18 - [TEST_STEP][PASSED] - if (result == false): null&#xD;
&#xD;
2019-11-20 09:22:18 - [TEST_STEP][PASSED] - else: null&#xD;
&#xD;
2019-11-20 09:22:18 - [TEST_STEP][PASSED] - verifyEqual(statusCode, rc_ref.getHttpResponse()): Actual object '401' and expected object '401' are equal&#xD;
&#xD;
2019-11-20 09:22:18 - [MESSAGE][PASSED] - Actual object '401' and expected object '401' are equal&#xD;
&#xD;
2019-11-20 09:22:18 - [TEST_STEP][PASSED] - if (rc_ref == RC00): null</system-out>
            <system-err></system-err>
        </testcase>
        <system-out>2019-11-20 09:22:02 - [TEST_SUITE][INCOMPLETE] - TS_getSalesList: null</system-out>
        <system-err>2019-11-20 09:22:02 - [TEST_SUITE][INCOMPLETE] - TS_getSalesList: null</system-err>
    </testsuite>
</testsuites>
