# JRE version: Java(TM) SE Runtime Environment (8.0_201-b09) (build 1.8.0_201-b09)
# Java VM: Java HotSpot(TM) 64-Bit Server VM (25.201-b09 mixed mode linux-amd64 compressed oops)
Heap:
 PSYoungGen      total 68608K, used 5119K [0x00000000da180000, 0x00000000de980000, 0x0000000100000000)
  eden space 63488K, 0% used [0x00000000da180000,0x00000000da180000,0x00000000ddf80000)
  from space 5120K, 99% used [0x00000000ddf80000,0x00000000de47fc50,0x00000000de480000)
  to   space 5120K, 0% used [0x00000000de480000,0x00000000de480000,0x00000000de980000)
 ParOldGen       total 84992K, used 12867K [0x000000008e400000, 0x0000000093700000, 0x00000000da180000)
  object space 84992K, 15% used [0x000000008e400000,0x000000008f090f30,0x0000000093700000)
 Metaspace       used 20340K, capacity 20564K, committed 20864K, reserved 1067008K
  class space    used 2297K, capacity 2396K, committed 2432K, reserved 1048576K
GC Heap History (9 events):
Event: 0,783 GC heap before
{Heap before GC invocations=1 (full 0):
 PSYoungGen      total 36864K, used 31744K [0x00000000da180000, 0x00000000dca80000, 0x0000000100000000)
  eden space 31744K, 100% used [0x00000000da180000,0x00000000dc080000,0x00000000dc080000)
  from space 5120K, 0% used [0x00000000dc580000,0x00000000dc580000,0x00000000dca80000)
  to   space 5120K, 0% used [0x00000000dc080000,0x00000000dc080000,0x00000000dc580000)
 ParOldGen       total 84992K, used 0K [0x000000008e400000, 0x0000000093700000, 0x00000000da180000)
  object space 84992K, 0% used [0x000000008e400000,0x000000008e400000,0x0000000093700000)
 Metaspace       used 5975K, capacity 6304K, committed 6656K, reserved 1056768K
  class space    used 619K, capacity 656K, committed 768K, reserved 1048576K
Event: 0,789 GC heap after
Heap after GC invocations=1 (full 0):
 PSYoungGen      total 36864K, used 4287K [0x00000000da180000, 0x00000000dca80000, 0x0000000100000000)
  eden space 31744K, 0% used [0x00000000da180000,0x00000000da180000,0x00000000dc080000)
  from space 5120K, 83% used [0x00000000dc080000,0x00000000dc4afeb8,0x00000000dc580000)
  to   space 5120K, 0% used [0x00000000dc580000,0x00000000dc580000,0x00000000dca80000)
 ParOldGen       total 84992K, used 8K [0x000000008e400000, 0x0000000093700000, 0x00000000da180000)
  object space 84992K, 0% used [0x000000008e400000,0x000000008e402000,0x0000000093700000)
 Metaspace       used 5975K, capacity 6304K, committed 6656K, reserved 1056768K
  class space    used 619K, capacity 656K, committed 768K, reserved 1048576K
}
Event: 1,456 GC heap before
{Heap before GC invocations=2 (full 0):
 PSYoungGen      total 36864K, used 36031K [0x00000000da180000, 0x00000000dca80000, 0x0000000100000000)
  eden space 31744K, 100% used [0x00000000da180000,0x00000000dc080000,0x00000000dc080000)
  from space 5120K, 83% used [0x00000000dc080000,0x00000000dc4afeb8,0x00000000dc580000)
  to   space 5120K, 0% used [0x00000000dc580000,0x00000000dc580000,0x00000000dca80000)
 ParOldGen       total 84992K, used 8K [0x000000008e400000, 0x0000000093700000, 0x00000000da180000)
  object space 84992K, 0% used [0x000000008e400000,0x000000008e402000,0x0000000093700000)
 Metaspace       used 9849K, capacity 9942K, committed 10112K, reserved 1058816K
  class space    used 1109K, capacity 1137K, committed 1152K, reserved 1048576K
Event: 1,464 GC heap after
Heap after GC invocations=2 (full 0):
 PSYoungGen      total 36864K, used 4949K [0x00000000da180000, 0x00000000dca80000, 0x0000000100000000)
  eden space 31744K, 0% used [0x00000000da180000,0x00000000da180000,0x00000000dc080000)
  from space 5120K, 96% used [0x00000000dc580000,0x00000000dca557b8,0x00000000dca80000)
  to   space 5120K, 0% used [0x00000000dc080000,0x00000000dc080000,0x00000000dc580000)
 ParOldGen       total 84992K, used 16K [0x000000008e400000, 0x0000000093700000, 0x00000000da180000)
  object space 84992K, 0% used [0x000000008e400000,0x000000008e404000,0x0000000093700000)
 Metaspace       used 9849K, capacity 9942K, committed 10112K, reserved 1058816K
  class space    used 1109K, capacity 1137K, committed 1152K, reserved 1048576K
}
Event: 1,690 GC heap before
{Heap before GC invocations=3 (full 0):
 PSYoungGen      total 36864K, used 35840K [0x00000000da180000, 0x00000000dca80000, 0x0000000100000000)
  eden space 31744K, 97% used [0x00000000da180000,0x00000000dbfaaad8,0x00000000dc080000)
  from space 5120K, 96% used [0x00000000dc580000,0x00000000dca557b8,0x00000000dca80000)
  to   space 5120K, 0% used [0x00000000dc080000,0x00000000dc080000,0x00000000dc580000)
 ParOldGen       total 84992K, used 16K [0x000000008e400000, 0x0000000093700000, 0x00000000da180000)
  object space 84992K, 0% used [0x000000008e400000,0x000000008e404000,0x0000000093700000)
 Metaspace       used 11204K, capacity 11302K, committed 11520K, reserved 1058816K
  class space    used 1232K, capacity 1268K, committed 1280K, reserved 1048576K
Event: 1,694 GC heap after
Heap after GC invocations=3 (full 0):
 PSYoungGen      total 36864K, used 5117K [0x00000000da180000, 0x00000000de980000, 0x0000000100000000)
  eden space 31744K, 0% used [0x00000000da180000,0x00000000da180000,0x00000000dc080000)
  from space 5120K, 99% used [0x00000000dc080000,0x00000000dc57f520,0x00000000dc580000)
  to   space 5120K, 0% used [0x00000000de480000,0x00000000de480000,0x00000000de980000)
 ParOldGen       total 84992K, used 681K [0x000000008e400000, 0x0000000093700000, 0x00000000da180000)
  object space 84992K, 0% used [0x000000008e400000,0x000000008e4aa7e8,0x0000000093700000)
 Metaspace       used 11204K, capacity 11302K, committed 11520K, reserved 1058816K
  class space    used 1232K, capacity 1268K, committed 1280K, reserved 1048576K
}
Event: 2,266 GC heap before
{Heap before GC invocations=4 (full 0):
 PSYoungGen      total 36864K, used 36861K [0x00000000da180000, 0x00000000de980000, 0x0000000100000000)
  eden space 31744K, 100% used [0x00000000da180000,0x00000000dc080000,0x00000000dc080000)
  from space 5120K, 99% used [0x00000000dc080000,0x00000000dc57f520,0x00000000dc580000)
  to   space 5120K, 0% used [0x00000000de480000,0x00000000de480000,0x00000000de980000)
 ParOldGen       total 84992K, used 681K [0x000000008e400000, 0x0000000093700000, 0x00000000da180000)
  object space 84992K, 0% used [0x000000008e400000,0x000000008e4aa7e8,0x0000000093700000)
 Metaspace       used 17020K, capacity 17184K, committed 17408K, reserved 1064960K
  class space    used 1878K, capacity 1933K, committed 2048K, reserved 1048576K
Event: 2,287 GC heap after
Heap after GC invocations=4 (full 0):
 PSYoungGen      total 68608K, used 5104K [0x00000000da180000, 0x00000000de980000, 0x0000000100000000)
  eden space 63488K, 0% used [0x00000000da180000,0x00000000da180000,0x00000000ddf80000)
  from space 5120K, 99% used [0x00000000de480000,0x00000000de97c148,0x00000000de980000)
  to   space 5120K, 0% used [0x00000000ddf80000,0x00000000ddf80000,0x00000000de480000)
 ParOldGen       total 84992K, used 3834K [0x000000008e400000, 0x0000000093700000, 0x00000000da180000)
  object space 84992K, 4% used [0x000000008e400000,0x000000008e7beb90,0x0000000093700000)
 Metaspace       used 17020K, capacity 17184K, committed 17408K, reserved 1064960K
  class space    used 1878K, capacity 1933K, committed 2048K, reserved 1048576K
}
Event: 3,163 GC heap before
{Heap before GC invocations=5 (full 0):
 PSYoungGen      total 68608K, used 68106K [0x00000000da180000, 0x00000000de980000, 0x0000000100000000)
  eden space 63488K, 99% used [0x00000000da180000,0x00000000ddf069a0,0x00000000ddf80000)
  from space 5120K, 99% used [0x00000000de480000,0x00000000de97c148,0x00000000de980000)
  to   space 5120K, 0% used [0x00000000ddf80000,0x00000000ddf80000,0x00000000de480000)
 ParOldGen       total 84992K, used 3834K [0x000000008e400000, 0x0000000093700000, 0x00000000da180000)
  object space 84992K, 4% used [0x000000008e400000,0x000000008e7beb90,0x0000000093700000)
 Metaspace       used 20340K, capacity 20564K, committed 20864K, reserved 1067008K
  class space    used 2297K, capacity 2396K, committed 2432K, reserved 1048576K

