# JRE version: Java(TM) SE Runtime Environment (8.0_201-b09) (build 1.8.0_201-b09)
# Java VM: Java HotSpot(TM) 64-Bit Server VM (25.201-b09 mixed mode linux-amd64 compressed oops)
Heap:
 PSYoungGen      total 132096K, used 5088K [0x00000000da180000, 0x00000000e2780000, 0x0000000100000000)
  eden space 126976K, 0% used [0x00000000da180000,0x00000000da180000,0x00000000e1d80000)
  from space 5120K, 99% used [0x00000000e1d80000,0x00000000e2278168,0x00000000e2280000)
  to   space 5120K, 0% used [0x00000000e2280000,0x00000000e2280000,0x00000000e2780000)
 ParOldGen       total 84992K, used 16192K [0x000000008e400000, 0x0000000093700000, 0x00000000da180000)
  object space 84992K, 19% used [0x000000008e400000,0x000000008f3d0220,0x0000000093700000)
 Metaspace       used 20872K, capacity 21108K, committed 21296K, reserved 1069056K
  class space    used 2345K, capacity 2428K, committed 2432K, reserved 1048576K
GC Heap History (9 events):
Event: 0,771 GC heap before
{Heap before GC invocations=1 (full 0):
 PSYoungGen      total 36864K, used 31744K [0x00000000da180000, 0x00000000dca80000, 0x0000000100000000)
  eden space 31744K, 100% used [0x00000000da180000,0x00000000dc080000,0x00000000dc080000)
  from space 5120K, 0% used [0x00000000dc580000,0x00000000dc580000,0x00000000dca80000)
  to   space 5120K, 0% used [0x00000000dc080000,0x00000000dc080000,0x00000000dc580000)
 ParOldGen       total 84992K, used 0K [0x000000008e400000, 0x0000000093700000, 0x00000000da180000)
  object space 84992K, 0% used [0x000000008e400000,0x000000008e400000,0x0000000093700000)
 Metaspace       used 5974K, capacity 6304K, committed 6656K, reserved 1056768K
  class space    used 619K, capacity 656K, committed 768K, reserved 1048576K
Event: 0,787 GC heap after
Heap after GC invocations=1 (full 0):
 PSYoungGen      total 36864K, used 4195K [0x00000000da180000, 0x00000000de980000, 0x0000000100000000)
  eden space 31744K, 0% used [0x00000000da180000,0x00000000da180000,0x00000000dc080000)
  from space 5120K, 81% used [0x00000000dc080000,0x00000000dc498d10,0x00000000dc580000)
  to   space 5120K, 0% used [0x00000000de480000,0x00000000de480000,0x00000000de980000)
 ParOldGen       total 84992K, used 8K [0x000000008e400000, 0x0000000093700000, 0x00000000da180000)
  object space 84992K, 0% used [0x000000008e400000,0x000000008e402000,0x0000000093700000)
 Metaspace       used 5974K, capacity 6304K, committed 6656K, reserved 1056768K
  class space    used 619K, capacity 656K, committed 768K, reserved 1048576K
}
Event: 1,231 GC heap before
{Heap before GC invocations=2 (full 0):
 PSYoungGen      total 36864K, used 35939K [0x00000000da180000, 0x00000000de980000, 0x0000000100000000)
  eden space 31744K, 100% used [0x00000000da180000,0x00000000dc080000,0x00000000dc080000)
  from space 5120K, 81% used [0x00000000dc080000,0x00000000dc498d10,0x00000000dc580000)
  to   space 5120K, 0% used [0x00000000de480000,0x00000000de480000,0x00000000de980000)
 ParOldGen       total 84992K, used 8K [0x000000008e400000, 0x0000000093700000, 0x00000000da180000)
  object space 84992K, 0% used [0x000000008e400000,0x000000008e402000,0x0000000093700000)
 Metaspace       used 9861K, capacity 9942K, committed 10112K, reserved 1058816K
  class space    used 1108K, capacity 1137K, committed 1152K, reserved 1048576K
Event: 1,242 GC heap after
Heap after GC invocations=2 (full 0):
 PSYoungGen      total 68608K, used 5024K [0x00000000da180000, 0x00000000de980000, 0x0000000100000000)
  eden space 63488K, 0% used [0x00000000da180000,0x00000000da180000,0x00000000ddf80000)
  from space 5120K, 98% used [0x00000000de480000,0x00000000de968328,0x00000000de980000)
  to   space 5120K, 0% used [0x00000000ddf80000,0x00000000ddf80000,0x00000000de480000)
 ParOldGen       total 84992K, used 16K [0x000000008e400000, 0x0000000093700000, 0x00000000da180000)
  object space 84992K, 0% used [0x000000008e400000,0x000000008e404000,0x0000000093700000)
 Metaspace       used 9861K, capacity 9942K, committed 10112K, reserved 1058816K
  class space    used 1108K, capacity 1137K, committed 1152K, reserved 1048576K
}
Event: 2,084 GC heap before
{Heap before GC invocations=3 (full 0):
 PSYoungGen      total 68608K, used 68512K [0x00000000da180000, 0x00000000de980000, 0x0000000100000000)
  eden space 63488K, 100% used [0x00000000da180000,0x00000000ddf80000,0x00000000ddf80000)
  from space 5120K, 98% used [0x00000000de480000,0x00000000de968328,0x00000000de980000)
  to   space 5120K, 0% used [0x00000000ddf80000,0x00000000ddf80000,0x00000000de480000)
 ParOldGen       total 84992K, used 16K [0x000000008e400000, 0x0000000093700000, 0x00000000da180000)
  object space 84992K, 0% used [0x000000008e400000,0x000000008e404000,0x0000000093700000)
 Metaspace       used 16972K, capacity 17120K, committed 17408K, reserved 1064960K
  class space    used 1869K, capacity 1933K, committed 2048K, reserved 1048576K
Event: 2,094 GC heap after
Heap after GC invocations=3 (full 0):
 PSYoungGen      total 68608K, used 5105K [0x00000000da180000, 0x00000000e2780000, 0x0000000100000000)
  eden space 63488K, 0% used [0x00000000da180000,0x00000000da180000,0x00000000ddf80000)
  from space 5120K, 99% used [0x00000000ddf80000,0x00000000de47c5c8,0x00000000de480000)
  to   space 5120K, 0% used [0x00000000e2280000,0x00000000e2280000,0x00000000e2780000)
 ParOldGen       total 84992K, used 4123K [0x000000008e400000, 0x0000000093700000, 0x00000000da180000)
  object space 84992K, 4% used [0x000000008e400000,0x000000008e806d88,0x0000000093700000)
 Metaspace       used 16972K, capacity 17120K, committed 17408K, reserved 1064960K
  class space    used 1869K, capacity 1933K, committed 2048K, reserved 1048576K
}
Event: 4,658 GC heap before
{Heap before GC invocations=4 (full 0):
 PSYoungGen      total 68608K, used 68376K [0x00000000da180000, 0x00000000e2780000, 0x0000000100000000)
  eden space 63488K, 99% used [0x00000000da180000,0x00000000ddf49d08,0x00000000ddf80000)
  from space 5120K, 99% used [0x00000000ddf80000,0x00000000de47c5c8,0x00000000de480000)
  to   space 5120K, 0% used [0x00000000e2280000,0x00000000e2280000,0x00000000e2780000)
 ParOldGen       total 84992K, used 4123K [0x000000008e400000, 0x0000000093700000, 0x00000000da180000)
  object space 84992K, 4% used [0x000000008e400000,0x000000008e806d88,0x0000000093700000)
 Metaspace       used 20369K, capacity 20628K, committed 20864K, reserved 1067008K
  class space    used 2297K, capacity 2396K, committed 2432K, reserved 1048576K
Event: 4,706 GC heap after
Heap after GC invocations=4 (full 0):
 PSYoungGen      total 132096K, used 5105K [0x00000000da180000, 0x00000000e2780000, 0x0000000100000000)
  eden space 126976K, 0% used [0x00000000da180000,0x00000000da180000,0x00000000e1d80000)
  from space 5120K, 99% used [0x00000000e2280000,0x00000000e277c5b8,0x00000000e2780000)
  to   space 5120K, 0% used [0x00000000e1d80000,0x00000000e1d80000,0x00000000e2280000)
 ParOldGen       total 84992K, used 13998K [0x000000008e400000, 0x0000000093700000, 0x00000000da180000)
  object space 84992K, 16% used [0x000000008e400000,0x000000008f1abaa8,0x0000000093700000)
 Metaspace       used 20369K, capacity 20628K, committed 20864K, reserved 1067008K
  class space    used 2297K, capacity 2396K, committed 2432K, reserved 1048576K
}
Event: 11,414 GC heap before
{Heap before GC invocations=5 (full 0):
 PSYoungGen      total 132096K, used 20948K [0x00000000da180000, 0x00000000e2780000, 0x0000000100000000)
  eden space 126976K, 12% used [0x00000000da180000,0x00000000db0f8d40,0x00000000e1d80000)
  from space 5120K, 99% used [0x00000000e2280000,0x00000000e277c5b8,0x00000000e2780000)
  to   space 5120K, 0% used [0x00000000e1d80000,0x00000000e1d80000,0x00000000e2280000)
 ParOldGen       total 84992K, used 13998K [0x000000008e400000, 0x0000000093700000, 0x00000000da180000)
  object space 84992K, 16% used [0x000000008e400000,0x000000008f1abaa8,0x0000000093700000)
 Metaspace       used 20872K, capacity 21108K, committed 21296K, reserved 1069056K
  class space    used 2345K, capacity 2428K, committed 2432K, reserved 1048576K

